Total number of filtered tiles: 420
Estimated total file size: 756.00 MB
Estimated total memory required: 0.74 GB
All tiles processed.
File is too small: /home/rishabh.mondal/Brick-Kilns-project/ijcai_2025_kilns/raw_data/setinel_tiles/jharkhand/Tile_84.0297_23.1192.tif
File is too small: /home/rishabh.mondal/Brick-Kilns-project/ijcai_2025_kilns/raw_data/setinel_tiles/jharkhand/Tile_85.5297_22.5692.tif
File is too small: /home/rishabh.mondal/Brick-Kilns-project/ijcai_2025_kilns/raw_data/setinel_tiles/jharkhand/Tile_85.0797_22.2192.tif
File is too small: /home/rishabh.mondal/Brick-Kilns-project/ijcai_2025_kilns/raw_data/setinel_tiles/jharkhand/Tile_85.4297_24.2192.tif
File is too small: /home/rishabh.mondal/Brick-Kilns-project/ijcai_2025_kilns/raw_data/setinel_tiles/jharkhand/Tile_85.1297_22.3692.tif
File is too small: /home/rishabh.mondal/Brick-Kilns-project/ijcai_2025_kilns/raw_data/setinel_tiles/jharkhand/Tile_84.0797_23.6692.tif
Valid files: 3055
Invalid files: 6
Downloaded Tile_83.9797_23.9692
Tile Tile_83.9797_23.9692 is valid.
Downloaded Tile_84.0797_23.9192
Tile Tile_84.0797_23.9192 is valid.
Downloaded Tile_84.1797_23.7692
Tile Tile_84.1797_23.7692 is valid.
Downloaded Tile_84.2297_24.2692
Tile Tile_84.2297_24.2692 is valid.
Downloaded Tile_84.3297_23.5692
Tile Tile_84.3297_23.5692 is valid.
Downloaded Tile_84.4297_24.2692
Tile Tile_84.4297_24.2692 is valid.
Downloaded Tile_84.6297_22.7192
Tile Tile_84.6297_22.7192 is valid.
Downloaded Tile_84.6797_23.7692
Tile Tile_84.6797_23.7692 is valid.
Downloaded Tile_84.8297_23.6692
Tile Tile_84.8297_23.6692 is valid.
Downloaded Tile_84.9297_23.2692
Tile Tile_84.9297_23.2692 is valid.
Downloaded Tile_85.0797_22.6192
File is too small: /home/rishabh.mondal/Brick-Kilns-project/ijcai_2025_kilns/raw_data/setinel_tiles/jharkhand/Tile_85.0797_22.6192.tif
Tile Tile_85.0797_22.6192 is invalid, re-downloading...
Downloaded Tile_85.0797_22.6192
Tile Tile_85.0797_22.6192 re-downloaded and is now valid.
Downloaded Tile_85.1297_23.7192
Tile Tile_85.1297_23.7192 is valid.
Downloaded Tile_85.2297_22.3692
Tile Tile_85.2297_22.3692 is valid.
Downloaded Tile_85.3297_22.7692
Tile Tile_85.3297_22.7692 is valid.
Downloaded Tile_85.3797_23.7192
Tile Tile_85.3797_23.7192 is valid.
Downloaded Tile_85.5297_23.0192
Tile Tile_85.5297_23.0192 is valid.
Downloaded Tile_85.6297_24.3192
Tile Tile_85.6297_24.3192 is valid.
Downloaded Tile_85.7297_24.6192
Tile Tile_85.7297_24.6192 is valid.
Downloaded Tile_85.8297_24.5192
Tile Tile_85.8297_24.5192 is valid.
Downloaded Tile_85.8797_24.7192
Tile Tile_85.8797_24.7192 is valid.
Downloaded Tile_85.9797_24.6692
Tile Tile_85.9797_24.6692 is valid.
Downloaded Tile_86.0797_24.4692
Tile Tile_86.0797_24.4692 is valid.
Downloaded Tile_86.1297_24.1192
Tile Tile_86.1297_24.1192 is valid.
Downloaded Tile_86.6797_23.9692
Tile Tile_86.6797_23.9692 is valid.
Downloaded Tile_87.3797_23.9692
Tile Tile_87.3797_23.9692 is valid.
Downloaded Tile_83.9797_24.1692
Tile Tile_83.9797_24.1692 is valid.
Downloaded Tile_84.0797_23.5692
Tile Tile_84.0797_23.5692 is valid.
Downloaded Tile_84.2297_22.4192
Tile Tile_84.2297_22.4192 is valid.
Downloaded Tile_84.3297_22.3692
File is too small: /home/rishabh.mondal/Brick-Kilns-project/ijcai_2025_kilns/raw_data/setinel_tiles/jharkhand/Tile_84.3297_22.3692.tif
Tile Tile_84.3297_22.3692 is invalid, re-downloading...
Downloaded Tile_84.3297_22.3692
Tile Tile_84.3297_22.3692 re-downloaded and is now valid.
Downloaded Tile_84.3797_24.2692
Tile Tile_84.3797_24.2692 is valid.
Downloaded Tile_84.5797_22.7692
Tile Tile_84.5797_22.7692 is valid.
Downloaded Tile_84.6797_22.4192
Tile Tile_84.6797_22.4192 is valid.
Downloaded Tile_84.7297_22.8692
Tile Tile_84.7297_22.8692 is valid.
Downloaded Tile_84.8297_23.0692
Tile Tile_84.8297_23.0692 is valid.
Downloaded Tile_84.8797_23.7692
Tile Tile_84.8797_23.7692 is valid.
Downloaded Tile_85.0297_23.4692
File is too small: /home/rishabh.mondal/Brick-Kilns-project/ijcai_2025_kilns/raw_data/setinel_tiles/jharkhand/Tile_85.0297_23.4692.tif
Tile Tile_85.0297_23.4692 is invalid, re-downloading...
Downloaded Tile_85.0297_23.4692
Tile Tile_85.0297_23.4692 re-downloaded and is now valid.
Downloaded Tile_85.0797_24.0692
Tile Tile_85.0797_24.0692 is valid.
Downloaded Tile_85.1797_22.9692
Tile Tile_85.1797_22.9692 is valid.
Downloaded Tile_85.2297_24.0192
Tile Tile_85.2297_24.0192 is valid.
Downloaded Tile_85.3297_23.3192
File is too small: /home/rishabh.mondal/Brick-Kilns-project/ijcai_2025_kilns/raw_data/setinel_tiles/jharkhand/Tile_85.3297_23.3192.tif
Tile Tile_85.3297_23.3192 is invalid, re-downloading...
Downloaded Tile_85.3297_23.3192
Tile Tile_85.3297_23.3192 re-downloaded and is now valid.
Downloaded Tile_85.4797_22.2692
Tile Tile_85.4797_22.2692 is valid.
Downloaded Tile_85.5797_23.1192
Tile Tile_85.5797_23.1192 is valid.
Downloaded Tile_85.6797_24.0192
Tile Tile_85.6797_24.0192 is valid.
Downloaded Tile_85.7797_22.5692
Tile Tile_85.7797_22.5692 is valid.
Downloaded Tile_85.8297_23.7192
Tile Tile_85.8297_23.7192 is valid.
Downloaded Tile_85.9297_22.2692
Tile Tile_85.9297_22.2692 is valid.
Downloaded Tile_85.9797_24.3692
Tile Tile_85.9797_24.3692 is valid.
Downloaded Tile_86.1297_22.4692
Tile Tile_86.1297_22.4692 is valid.
Downloaded Tile_86.1297_23.8692
Tile Tile_86.1297_23.8692 is valid.
Downloaded Tile_86.4797_22.9692
Tile Tile_86.4797_22.9692 is valid.
Downloaded Tile_86.9297_24.0192
Tile Tile_86.9297_24.0192 is valid.
Downloaded Tile_84.0297_23.5192
Tile Tile_84.0297_23.5192 is valid.
Downloaded Tile_84.0797_23.6692
File is too small: /home/rishabh.mondal/Brick-Kilns-project/ijcai_2025_kilns/raw_data/setinel_tiles/jharkhand/Tile_84.0797_23.6692.tif
Tile Tile_84.0797_23.6692 is invalid, re-downloading...
Downloaded Tile_84.0797_23.6692
File is too small: /home/rishabh.mondal/Brick-Kilns-project/ijcai_2025_kilns/raw_data/setinel_tiles/jharkhand/Tile_84.0797_23.6692.tif
Tile Tile_84.0797_23.6692 is still invalid after re-downloading.
Downloaded Tile_84.1797_22.4192
Tile Tile_84.1797_22.4192 is valid.
Downloaded Tile_84.2797_24.1192
Tile Tile_84.2797_24.1192 is valid.
Downloaded Tile_84.3297_23.8692
Tile Tile_84.3297_23.8692 is valid.
Downloaded Tile_84.4797_22.5192
Tile Tile_84.4797_22.5192 is valid.
Downloaded Tile_84.5797_22.8692
Tile Tile_84.5797_22.8692 is valid.
Downloaded Tile_84.6297_23.0692
File is too small: /home/rishabh.mondal/Brick-Kilns-project/ijcai_2025_kilns/raw_data/setinel_tiles/jharkhand/Tile_84.6297_23.0692.tif
Tile Tile_84.6297_23.0692 is invalid, re-downloading...
Downloaded Tile_84.6297_23.0692
Tile Tile_84.6297_23.0692 re-downloaded and is now valid.
Downloaded Tile_84.6797_23.9692
Tile Tile_84.6797_23.9692 is valid.
Downloaded Tile_84.8297_24.1192
Tile Tile_84.8297_24.1192 is valid.
Downloaded Tile_84.9297_23.6192
Tile Tile_84.9297_23.6192 is valid.
Downloaded Tile_85.0797_22.2192
File is too small: /home/rishabh.mondal/Brick-Kilns-project/ijcai_2025_kilns/raw_data/setinel_tiles/jharkhand/Tile_85.0797_22.2192.tif
Tile Tile_85.0797_22.2192 is invalid, re-downloading...
Downloaded Tile_85.0797_22.2192
File is too small: /home/rishabh.mondal/Brick-Kilns-project/ijcai_2025_kilns/raw_data/setinel_tiles/jharkhand/Tile_85.0797_22.2192.tif
Tile Tile_85.0797_22.2192 is still invalid after re-downloading.
Downloaded Tile_85.0797_23.3692
Tile Tile_85.0797_23.3692 is valid.
Downloaded Tile_85.1297_24.2192
Tile Tile_85.1297_24.2192 is valid.
Downloaded Tile_85.2297_22.5692
Tile Tile_85.2297_22.5692 is valid.
Downloaded Tile_85.3297_23.7192
Tile Tile_85.3297_23.7192 is valid.
Downloaded Tile_85.4297_24.2192
File is too small: /home/rishabh.mondal/Brick-Kilns-project/ijcai_2025_kilns/raw_data/setinel_tiles/jharkhand/Tile_85.4297_24.2192.tif
Tile Tile_85.4297_24.2192 is invalid, re-downloading...
Downloaded Tile_85.4297_24.2192
File is too small: /home/rishabh.mondal/Brick-Kilns-project/ijcai_2025_kilns/raw_data/setinel_tiles/jharkhand/Tile_85.4297_24.2192.tif
Tile Tile_85.4297_24.2192 is still invalid after re-downloading.
Downloaded Tile_85.4797_24.4692
Tile Tile_85.4797_24.4692 is valid.
Downloaded Tile_85.6297_22.7192
Tile Tile_85.6297_22.7192 is valid.
Downloaded Tile_85.6797_24.6692
Tile Tile_85.6797_24.6692 is valid.
Downloaded Tile_85.7797_23.9192
Tile Tile_85.7797_23.9192 is valid.
Downloaded Tile_85.8797_22.4692
Tile Tile_85.8797_22.4692 is valid.
Downloaded Tile_85.9797_22.1692
Tile Tile_85.9797_22.1692 is valid.
Downloaded Tile_86.0297_23.1192
Tile Tile_86.0297_23.1192 is valid.
Downloaded Tile_86.1297_22.5692
Tile Tile_86.1297_22.5692 is valid.
Downloaded Tile_86.1797_22.6192
Tile Tile_86.1797_22.6192 is valid.
Downloaded Tile_86.3797_23.8192
Tile Tile_86.3797_23.8192 is valid.
Downloaded Tile_86.9797_24.1692
Tile Tile_86.9797_24.1692 is valid.
Downloaded Tile_83.9797_23.5692
File is too small: /home/rishabh.mondal/Brick-Kilns-project/ijcai_2025_kilns/raw_data/setinel_tiles/jharkhand/Tile_83.9797_23.5692.tif
Tile Tile_83.9797_23.5692 is invalid, re-downloading...
Downloaded Tile_83.9797_23.5692
Tile Tile_83.9797_23.5692 re-downloaded and is now valid.
Downloaded Tile_84.1797_22.3692
Tile Tile_84.1797_22.3692 is valid.
Downloaded Tile_84.2797_23.1192
Tile Tile_84.2797_23.1192 is valid.
Downloaded Tile_84.3797_23.4192
File is too small: /home/rishabh.mondal/Brick-Kilns-project/ijcai_2025_kilns/raw_data/setinel_tiles/jharkhand/Tile_84.3797_23.4192.tif
Tile Tile_84.3797_23.4192 is invalid, re-downloading...
Downloaded Tile_84.3797_23.4192
Tile Tile_84.3797_23.4192 re-downloaded and is now valid.
Downloaded Tile_84.5797_23.0692
Tile Tile_84.5797_23.0692 is valid.
Downloaded Tile_84.6297_23.7192
Tile Tile_84.6297_23.7192 is valid.
Downloaded Tile_84.7297_22.8192
Tile Tile_84.7297_22.8192 is valid.
Downloaded Tile_84.7797_24.2692
Tile Tile_84.7797_24.2692 is valid.
Downloaded Tile_85.0297_23.2692
Tile Tile_85.0297_23.2692 is valid.
Downloaded Tile_85.0797_23.4192
Tile Tile_85.0797_23.4192 is valid.
Downloaded Tile_85.1797_22.0692
Tile Tile_85.1797_22.0692 is valid.
Downloaded Tile_85.2297_23.2192
Tile Tile_85.2297_23.2192 is valid.
Downloaded Tile_85.3297_23.2692
Tile Tile_85.3297_23.2692 is valid.
Downloaded Tile_85.4297_23.0692
Tile Tile_85.4297_23.0692 is valid.
Downloaded Tile_85.5297_23.8692
Tile Tile_85.5297_23.8692 is valid.
Downloaded Tile_85.6297_22.9692
Tile Tile_85.6297_22.9692 is valid.
Downloaded Tile_85.7297_23.3192
Tile Tile_85.7297_23.3192 is valid.
Downloaded Tile_85.7797_24.4192
Tile Tile_85.7797_24.4192 is valid.
Downloaded Tile_85.8797_22.7692
Tile Tile_85.8797_22.7692 is valid.
Downloaded Tile_85.9797_22.4192
Tile Tile_85.9797_22.4192 is valid.
Downloaded Tile_86.0297_23.8692
Tile Tile_86.0297_23.8692 is valid.
Downloaded Tile_86.1297_22.6692
Tile Tile_86.1297_22.6692 is valid.
Downloaded Tile_86.1797_23.4692
Tile Tile_86.1797_23.4692 is valid.
Downloaded Tile_86.6297_23.8192
Tile Tile_86.6297_23.8192 is valid.
Downloaded Tile_87.2797_25.0192
Tile Tile_87.2797_25.0192 is valid.
Downloaded Tile_83.9797_23.7692
Tile Tile_83.9797_23.7692 is valid.
Downloaded Tile_84.0797_23.8692
Tile Tile_84.0797_23.8692 is valid.
Downloaded Tile_84.1797_23.2692
Tile Tile_84.1797_23.2692 is valid.
Downloaded Tile_84.2797_24.2692
Tile Tile_84.2797_24.2692 is valid.
Downloaded Tile_84.3797_23.0692
Tile Tile_84.3797_23.0692 is valid.
Downloaded Tile_84.4797_23.1692
Tile Tile_84.4797_23.1692 is valid.
Downloaded Tile_84.5797_24.1192
Tile Tile_84.5797_24.1192 is valid.
Downloaded Tile_84.6797_23.6192
Tile Tile_84.6797_23.6192 is valid.
Downloaded Tile_84.7797_24.4692
Tile Tile_84.7797_24.4692 is valid.
Downloaded Tile_84.9297_22.8192
Tile Tile_84.9297_22.8192 is valid.
Downloaded Tile_85.0297_24.2692
File is too small: /home/rishabh.mondal/Brick-Kilns-project/ijcai_2025_kilns/raw_data/setinel_tiles/jharkhand/Tile_85.0297_24.2692.tif
Tile Tile_85.0297_24.2692 is invalid, re-downloading...
Downloaded Tile_85.0297_24.2692
Tile Tile_85.0297_24.2692 re-downloaded and is now valid.
Downloaded Tile_85.1297_22.9192
Tile Tile_85.1297_22.9192 is valid.
Downloaded Tile_85.1797_23.9692
Tile Tile_85.1797_23.9692 is valid.
Downloaded Tile_85.2797_23.7692
Tile Tile_85.2797_23.7692 is valid.
Downloaded Tile_85.3797_22.5192
Tile Tile_85.3797_22.5192 is valid.
Downloaded Tile_85.5297_24.2692
Tile Tile_85.5297_24.2692 is valid.
Downloaded Tile_85.6297_23.5692
Tile Tile_85.6297_23.5692 is valid.
Downloaded Tile_85.7297_23.6192
Tile Tile_85.7297_23.6192 is valid.
Downloaded Tile_85.8297_22.7692
Tile Tile_85.8297_22.7692 is valid.
Downloaded Tile_85.8797_23.5692
Tile Tile_85.8797_23.5692 is valid.
Downloaded Tile_85.9797_22.5692
Tile Tile_85.9797_22.5692 is valid.
Downloaded Tile_86.0297_24.0192
Tile Tile_86.0297_24.0192 is valid.
Downloaded Tile_86.1297_22.9692
Tile Tile_86.1297_22.9692 is valid.
Downloaded Tile_86.2797_22.7192
Tile Tile_86.2797_22.7192 is valid.
Downloaded Tile_86.6797_24.4192
Tile Tile_86.6797_24.4192 is valid.
Downloaded Tile_87.3297_24.4692
Tile Tile_87.3297_24.4692 is valid.
Downloaded Tile_83.9797_24.0692
Tile Tile_83.9797_24.0692 is valid.
Downloaded Tile_84.1297_24.0192
Tile Tile_84.1297_24.0192 is valid.
Downloaded Tile_84.1797_24.4192
Tile Tile_84.1797_24.4192 is valid.
Downloaded Tile_84.2797_22.9192
Tile Tile_84.2797_22.9192 is valid.
Downloaded Tile_84.3797_23.3192
Tile Tile_84.3797_23.3192 is valid.
Downloaded Tile_84.4797_24.1192
Tile Tile_84.4797_24.1192 is valid.
Downloaded Tile_84.5797_23.3192
Tile Tile_84.5797_23.3192 is valid.
Downloaded Tile_84.6797_22.5692
Tile Tile_84.6797_22.5692 is valid.
Downloaded Tile_84.7297_23.5192
Tile Tile_84.7297_23.5192 is valid.
Downloaded Tile_84.8297_24.0192
Tile Tile_84.8297_24.0192 is valid.
Downloaded Tile_84.9297_22.4192
Tile Tile_84.9297_22.4192 is valid.
Downloaded Tile_85.0297_23.6192
File is too small: /home/rishabh.mondal/Brick-Kilns-project/ijcai_2025_kilns/raw_data/setinel_tiles/jharkhand/Tile_85.0297_23.6192.tif
Tile Tile_85.0297_23.6192 is invalid, re-downloading...
Downloaded Tile_85.0297_23.6192
Tile Tile_85.0297_23.6192 re-downloaded and is now valid.
Downloaded Tile_85.1297_22.1692
Tile Tile_85.1297_22.1692 is valid.
Downloaded Tile_85.1797_22.6192
Tile Tile_85.1797_22.6192 is valid.
Downloaded Tile_85.2797_22.6692
Tile Tile_85.2797_22.6692 is valid.
Downloaded Tile_85.3797_22.4192
Tile Tile_85.3797_22.4192 is valid.
Downloaded Tile_85.4797_23.2692
Tile Tile_85.4797_23.2692 is valid.
Downloaded Tile_85.5797_23.4692
Tile Tile_85.5797_23.4692 is valid.
Downloaded Tile_85.6797_24.1192
Tile Tile_85.6797_24.1192 is valid.
Downloaded Tile_85.7797_23.3192
Tile Tile_85.7797_23.3192 is valid.
Downloaded Tile_85.8797_22.6692
Tile Tile_85.8797_22.6692 is valid.
Downloaded Tile_85.9797_22.3192
Tile Tile_85.9797_22.3192 is valid.
Downloaded Tile_86.0297_23.8192
Tile Tile_86.0297_23.8192 is valid.
Downloaded Tile_86.1297_22.8192
Tile Tile_86.1297_22.8192 is valid.
Downloaded Tile_86.2297_24.3192
Tile Tile_86.2297_24.3192 is valid.
Downloaded Tile_86.7297_24.4692
Tile Tile_86.7297_24.4692 is valid.
Downloaded Tile_87.3797_24.2692
Tile Tile_87.3797_24.2692 is valid.
Downloaded Tile_84.0297_23.1192
File is too small: /home/rishabh.mondal/Brick-Kilns-project/ijcai_2025_kilns/raw_data/setinel_tiles/jharkhand/Tile_84.0297_23.1192.tif
Tile Tile_84.0297_23.1192 is invalid, re-downloading...
Downloaded Tile_84.0297_23.1192
File is too small: /home/rishabh.mondal/Brick-Kilns-project/ijcai_2025_kilns/raw_data/setinel_tiles/jharkhand/Tile_84.0297_23.1192.tif
Tile Tile_84.0297_23.1192 is still invalid after re-downloading.
Downloaded Tile_84.0797_23.3692
Tile Tile_84.0797_23.3692 is valid.
Downloaded Tile_84.1797_23.1192
File is too small: /home/rishabh.mondal/Brick-Kilns-project/ijcai_2025_kilns/raw_data/setinel_tiles/jharkhand/Tile_84.1797_23.1192.tif
Tile Tile_84.1797_23.1192 is invalid, re-downloading...
Downloaded Tile_84.1797_23.1192
Tile Tile_84.1797_23.1192 re-downloaded and is now valid.
Downloaded Tile_84.2797_22.5692
Tile Tile_84.2797_22.5692 is valid.
Downloaded Tile_84.3797_22.3692
Tile Tile_84.3797_22.3692 is valid.
Downloaded Tile_84.4797_23.9692
File is too small: /home/rishabh.mondal/Brick-Kilns-project/ijcai_2025_kilns/raw_data/setinel_tiles/jharkhand/Tile_84.4797_23.9692.tif
Tile Tile_84.4797_23.9692 is invalid, re-downloading...
Downloaded Tile_84.4797_23.9692
Tile Tile_84.4797_23.9692 re-downloaded and is now valid.
Downloaded Tile_84.5797_23.9192
File is too small: /home/rishabh.mondal/Brick-Kilns-project/ijcai_2025_kilns/raw_data/setinel_tiles/jharkhand/Tile_84.5797_23.9192.tif
Tile Tile_84.5797_23.9192 is invalid, re-downloading...
Downloaded Tile_84.5797_23.9192
Tile Tile_84.5797_23.9192 re-downloaded and is now valid.
Downloaded Tile_84.6797_23.7192
Tile Tile_84.6797_23.7192 is valid.
Downloaded Tile_84.7797_24.5192
Tile Tile_84.7797_24.5192 is valid.
Downloaded Tile_84.9297_23.3692
File is too small: /home/rishabh.mondal/Brick-Kilns-project/ijcai_2025_kilns/raw_data/setinel_tiles/jharkhand/Tile_84.9297_23.3692.tif
Tile Tile_84.9297_23.3692 is invalid, re-downloading...
Downloaded Tile_84.9297_23.3692
Tile Tile_84.9297_23.3692 re-downloaded and is now valid.
Downloaded Tile_85.0797_23.1692
Tile Tile_85.0797_23.1692 is valid.
Downloaded Tile_85.1297_22.8692
Tile Tile_85.1297_22.8692 is valid.
Downloaded Tile_85.2297_23.0192
Tile Tile_85.2297_23.0192 is valid.
Downloaded Tile_85.3297_22.4692
Tile Tile_85.3297_22.4692 is valid.
Downloaded Tile_85.3797_22.9192
Tile Tile_85.3797_22.9192 is valid.
Downloaded Tile_85.5297_22.9192
Tile Tile_85.5297_22.9192 is valid.
Downloaded Tile_85.6797_22.0192
Tile Tile_85.6797_22.0192 is valid.
Downloaded Tile_85.7297_23.4692
Tile Tile_85.7297_23.4692 is valid.
Downloaded Tile_85.8297_23.4192
Tile Tile_85.8297_23.4192 is valid.
Downloaded Tile_85.9297_24.0192
Tile Tile_85.9297_24.0192 is valid.
Downloaded Tile_86.0297_22.2692
Tile Tile_86.0297_22.2692 is valid.
Downloaded Tile_86.0797_24.7192
Tile Tile_86.0797_24.7192 is valid.
Downloaded Tile_86.2297_22.9692
Tile Tile_86.2297_22.9692 is valid.
Downloaded Tile_86.5797_24.5692
Tile Tile_86.5797_24.5692 is valid.
Downloaded Tile_87.0797_24.0192
Tile Tile_87.0797_24.0192 is valid.
Downloaded Tile_83.9797_23.5192
File is too small: /home/rishabh.mondal/Brick-Kilns-project/ijcai_2025_kilns/raw_data/setinel_tiles/jharkhand/Tile_83.9797_23.5192.tif
Tile Tile_83.9797_23.5192 is invalid, re-downloading...
Downloaded Tile_83.9797_23.5192
Tile Tile_83.9797_23.5192 re-downloaded and is now valid.
Downloaded Tile_84.1297_23.4692
Tile Tile_84.1297_23.4692 is valid.
Downloaded Tile_84.2297_23.0192
Tile Tile_84.2297_23.0192 is valid.
Downloaded Tile_84.3297_23.5192
Tile Tile_84.3297_23.5192 is valid.
Downloaded Tile_84.4297_23.3192
Tile Tile_84.4297_23.3192 is valid.
Downloaded Tile_84.5797_22.5692
Tile Tile_84.5797_22.5692 is valid.
Downloaded Tile_84.6297_22.7692
File is too small: /home/rishabh.mondal/Brick-Kilns-project/ijcai_2025_kilns/raw_data/setinel_tiles/jharkhand/Tile_84.6297_22.7692.tif
Tile Tile_84.6297_22.7692 is invalid, re-downloading...
Downloaded Tile_84.6297_22.7692
Tile Tile_84.6297_22.7692 re-downloaded and is now valid.
Downloaded Tile_84.6797_23.9192
Tile Tile_84.6797_23.9192 is valid.
Downloaded Tile_84.8297_22.7192
Tile Tile_84.8297_22.7192 is valid.
Downloaded Tile_84.8797_23.8192
Tile Tile_84.8797_23.8192 is valid.
Downloaded Tile_84.9797_23.7692
File is too small: /home/rishabh.mondal/Brick-Kilns-project/ijcai_2025_kilns/raw_data/setinel_tiles/jharkhand/Tile_84.9797_23.7692.tif
Tile Tile_84.9797_23.7692 is invalid, re-downloading...
Downloaded Tile_84.9797_23.7692
Tile Tile_84.9797_23.7692 re-downloaded and is now valid.
Downloaded Tile_85.0797_23.4692
Tile Tile_85.0797_23.4692 is valid.
Downloaded Tile_85.1297_24.3692
Tile Tile_85.1297_24.3692 is valid.
Downloaded Tile_85.2297_23.7192
Tile Tile_85.2297_23.7192 is valid.
Downloaded Tile_85.3297_22.9192
Tile Tile_85.3297_22.9192 is valid.
Downloaded Tile_85.3797_24.1192
Tile Tile_85.3797_24.1192 is valid.
Downloaded Tile_85.5297_24.5192
Tile Tile_85.5297_24.5192 is valid.
Downloaded Tile_85.6797_22.2692
Tile Tile_85.6797_22.2692 is valid.
Downloaded Tile_85.7297_23.7192
Tile Tile_85.7297_23.7192 is valid.
Downloaded Tile_85.8297_22.8192
Tile Tile_85.8297_22.8192 is valid.
Downloaded Tile_85.8797_24.3192
Tile Tile_85.8797_24.3192 is valid.
Downloaded Tile_86.0297_22.5192
Tile Tile_86.0297_22.5192 is valid.
Downloaded Tile_86.1297_22.9192
Tile Tile_86.1297_22.9192 is valid.
Downloaded Tile_86.2297_22.4692
Tile Tile_86.2297_22.4692 is valid.
Downloaded Tile_86.5297_24.1692
Tile Tile_86.5297_24.1692 is valid.
Downloaded Tile_86.9797_24.4692
Tile Tile_86.9797_24.4692 is valid.
Downloaded Tile_84.0797_22.5192
Tile Tile_84.0797_22.5192 is valid.
Downloaded Tile_84.1797_24.3692
Tile Tile_84.1797_24.3692 is valid.
Downloaded Tile_84.2797_23.3192
Tile Tile_84.2797_23.3192 is valid.
Downloaded Tile_84.3797_24.1692
Tile Tile_84.3797_24.1692 is valid.
Downloaded Tile_84.5297_22.4192
File is too small: /home/rishabh.mondal/Brick-Kilns-project/ijcai_2025_kilns/raw_data/setinel_tiles/jharkhand/Tile_84.5297_22.4192.tif
Tile Tile_84.5297_22.4192 is invalid, re-downloading...
Downloaded Tile_84.5297_22.4192
Tile Tile_84.5297_22.4192 re-downloaded and is now valid.
Downloaded Tile_84.5797_23.8692
Tile Tile_84.5797_23.8692 is valid.
Downloaded Tile_84.6797_23.5692
Tile Tile_84.6797_23.5692 is valid.
Downloaded Tile_84.7797_22.4192
Tile Tile_84.7797_22.4192 is valid.
Downloaded Tile_84.8797_24.0692
Tile Tile_84.8797_24.0692 is valid.
Downloaded Tile_85.0297_23.4192
Tile Tile_85.0297_23.4192 is valid.
Downloaded Tile_85.1297_22.3192
Tile Tile_85.1297_22.3192 is valid.
Downloaded Tile_85.1797_22.2692
Tile Tile_85.1797_22.2692 is valid.
Downloaded Tile_85.2297_22.6692
Tile Tile_85.2297_22.6692 is valid.
Downloaded Tile_85.3297_22.5692
Tile Tile_85.3297_22.5692 is valid.
Downloaded Tile_85.3797_23.0692
Tile Tile_85.3797_23.0692 is valid.
Downloaded Tile_85.5297_22.5692
File is too small: /home/rishabh.mondal/Brick-Kilns-project/ijcai_2025_kilns/raw_data/setinel_tiles/jharkhand/Tile_85.5297_22.5692.tif
Tile Tile_85.5297_22.5692 is invalid, re-downloading...
Downloaded Tile_85.5297_22.5692
File is too small: /home/rishabh.mondal/Brick-Kilns-project/ijcai_2025_kilns/raw_data/setinel_tiles/jharkhand/Tile_85.5297_22.5692.tif
Tile Tile_85.5297_22.5692 is still invalid after re-downloading.
Downloaded Tile_85.5797_22.9692
Tile Tile_85.5797_22.9692 is valid.
Downloaded Tile_85.6797_23.8692
Tile Tile_85.6797_23.8692 is valid.
Downloaded Tile_85.7797_22.3192
Tile Tile_85.7797_22.3192 is valid.
Downloaded Tile_85.8297_23.3192
Tile Tile_85.8297_23.3192 is valid.
Downloaded Tile_85.8797_23.4692
Tile Tile_85.8797_23.4692 is valid.
Downloaded Tile_85.9797_23.6192
Tile Tile_85.9797_23.6192 is valid.
Downloaded Tile_86.0297_24.6692
Tile Tile_86.0297_24.6692 is valid.
Downloaded Tile_86.1297_23.0692
Tile Tile_86.1297_23.0692 is valid.
Downloaded Tile_86.2797_22.3692
Tile Tile_86.2797_22.3692 is valid.
Downloaded Tile_86.6797_23.8692
Tile Tile_86.6797_23.8692 is valid.
Downloaded Tile_87.2797_24.3192
Tile Tile_87.2797_24.3192 is valid.
Downloaded Tile_84.0297_22.6192
Tile Tile_84.0297_22.6192 is valid.
Downloaded Tile_84.0797_24.0192
File is too small: /home/rishabh.mondal/Brick-Kilns-project/ijcai_2025_kilns/raw_data/setinel_tiles/jharkhand/Tile_84.0797_24.0192.tif
Tile Tile_84.0797_24.0192 is invalid, re-downloading...
Downloaded Tile_84.0797_24.0192
Tile Tile_84.0797_24.0192 re-downloaded and is now valid.
Downloaded Tile_84.2297_22.6692
Tile Tile_84.2297_22.6692 is valid.
Downloaded Tile_84.3297_22.7192
Tile Tile_84.3297_22.7192 is valid.
Downloaded Tile_84.3797_24.2192
Tile Tile_84.3797_24.2192 is valid.
Downloaded Tile_84.5297_22.5692
Tile Tile_84.5297_22.5692 is valid.
Downloaded Tile_84.5797_23.8192
Tile Tile_84.5797_23.8192 is valid.
Downloaded Tile_84.6797_23.0192
File is too small: /home/rishabh.mondal/Brick-Kilns-project/ijcai_2025_kilns/raw_data/setinel_tiles/jharkhand/Tile_84.6797_23.0192.tif
Tile Tile_84.6797_23.0192 is invalid, re-downloading...
Downloaded Tile_84.6797_23.0192
Tile Tile_84.6797_23.0192 re-downloaded and is now valid.
Downloaded Tile_84.7297_24.0692
Tile Tile_84.7297_24.0692 is valid.
Downloaded Tile_84.8797_23.6692
Tile Tile_84.8797_23.6692 is valid.
Downloaded Tile_84.9797_24.2692
File is too small: /home/rishabh.mondal/Brick-Kilns-project/ijcai_2025_kilns/raw_data/setinel_tiles/jharkhand/Tile_84.9797_24.2692.tif
Tile Tile_84.9797_24.2692 is invalid, re-downloading...
Downloaded Tile_84.9797_24.2692
Tile Tile_84.9797_24.2692 re-downloaded and is now valid.
Downloaded Tile_85.1297_22.4692
Tile Tile_85.1297_22.4692 is valid.
Downloaded Tile_85.1797_23.3692
Tile Tile_85.1797_23.3692 is valid.
Downloaded Tile_85.2797_22.7192
Tile Tile_85.2797_22.7192 is valid.
Downloaded Tile_85.3297_24.1192
Tile Tile_85.3297_24.1192 is valid.
Downloaded Tile_85.4797_22.3692
Tile Tile_85.4797_22.3692 is valid.
Downloaded Tile_85.5797_22.1192
Tile Tile_85.5797_22.1192 is valid.
Downloaded Tile_85.6797_22.7192
Tile Tile_85.6797_22.7192 is valid.
Downloaded Tile_85.7297_23.9692
Tile Tile_85.7297_23.9692 is valid.
Downloaded Tile_85.8297_22.1192
Tile Tile_85.8297_22.1192 is valid.
Downloaded Tile_85.8797_23.5192
Tile Tile_85.8797_23.5192 is valid.
Downloaded Tile_85.9797_23.0692
Tile Tile_85.9797_23.0692 is valid.
Downloaded Tile_86.0797_23.5692
Tile Tile_86.0797_23.5692 is valid.
Downloaded Tile_86.1297_23.7692
Tile Tile_86.1297_23.7692 is valid.
Downloaded Tile_86.3297_22.6692
Tile Tile_86.3297_22.6692 is valid.
Downloaded Tile_86.8797_24.5692
Tile Tile_86.8797_24.5692 is valid.
Downloaded Tile_87.4297_24.6192
Tile Tile_87.4297_24.6192 is valid.
Downloaded Tile_84.0797_23.1192
Tile Tile_84.0797_23.1192 is valid.
Downloaded Tile_84.1297_24.2192
Tile Tile_84.1297_24.2192 is valid.
Downloaded Tile_84.2297_23.2192
Tile Tile_84.2297_23.2192 is valid.
Downloaded Tile_84.3297_22.8692
File is too small: /home/rishabh.mondal/Brick-Kilns-project/ijcai_2025_kilns/raw_data/setinel_tiles/jharkhand/Tile_84.3297_22.8692.tif
Tile Tile_84.3297_22.8692 is invalid, re-downloading...
Downloaded Tile_84.3297_22.8692
Tile Tile_84.3297_22.8692 re-downloaded and is now valid.
Downloaded Tile_84.4297_22.9692
Tile Tile_84.4297_22.9692 is valid.
Downloaded Tile_84.5297_22.9192
Tile Tile_84.5297_22.9192 is valid.
Downloaded Tile_84.5797_24.3692
Tile Tile_84.5797_24.3692 is valid.
Downloaded Tile_84.6797_24.1692
Tile Tile_84.6797_24.1692 is valid.
Downloaded Tile_84.8797_24.1192
Tile Tile_84.8797_24.1192 is valid.
Downloaded Tile_85.0297_23.2192
Tile Tile_85.0297_23.2192 is valid.
Downloaded Tile_85.0797_23.3192
Tile Tile_85.0797_23.3192 is valid.
Downloaded Tile_85.1297_24.1692
Tile Tile_85.1297_24.1692 is valid.
Downloaded Tile_85.2297_22.4692
Tile Tile_85.2297_22.4692 is valid.
Downloaded Tile_85.3297_22.2692
Tile Tile_85.3297_22.2692 is valid.
Downloaded Tile_85.3797_23.3192
Tile Tile_85.3797_23.3192 is valid.
Downloaded Tile_85.5297_24.3192
Tile Tile_85.5297_24.3192 is valid.
Downloaded Tile_85.6297_24.6692
Tile Tile_85.6297_24.6692 is valid.
Downloaded Tile_85.7297_24.4192
Tile Tile_85.7297_24.4192 is valid.
Downloaded Tile_85.8297_24.3192
Tile Tile_85.8297_24.3192 is valid.
Downloaded Tile_85.9297_22.9692
Tile Tile_85.9297_22.9692 is valid.
Downloaded Tile_85.9797_23.8192
Tile Tile_85.9797_23.8192 is valid.
Downloaded Tile_86.0797_23.6692
Tile Tile_86.0797_23.6692 is valid.
Downloaded Tile_86.1297_24.3192
Tile Tile_86.1297_24.3192 is valid.
Downloaded Tile_86.6797_22.2192
Tile Tile_86.6797_22.2192 is valid.
Downloaded Tile_87.5297_25.1692
Tile Tile_87.5297_25.1692 is valid.
Downloaded Tile_83.9797_24.5692
Tile Tile_83.9797_24.5692 is valid.
Downloaded Tile_84.1297_23.2692
File is too small: /home/rishabh.mondal/Brick-Kilns-project/ijcai_2025_kilns/raw_data/setinel_tiles/jharkhand/Tile_84.1297_23.2692.tif
Tile Tile_84.1297_23.2692 is invalid, re-downloading...
Downloaded Tile_84.1297_23.2692
Tile Tile_84.1297_23.2692 re-downloaded and is now valid.
Downloaded Tile_84.2297_24.0692
Tile Tile_84.2297_24.0692 is valid.
Downloaded Tile_84.3297_22.6692
File is too small: /home/rishabh.mondal/Brick-Kilns-project/ijcai_2025_kilns/raw_data/setinel_tiles/jharkhand/Tile_84.3297_22.6692.tif
Tile Tile_84.3297_22.6692 is invalid, re-downloading...
Downloaded Tile_84.3297_22.6692
Tile Tile_84.3297_22.6692 re-downloaded and is now valid.
Downloaded Tile_84.4297_23.7692
Tile Tile_84.4297_23.7692 is valid.
Downloaded Tile_84.5297_23.5192
Tile Tile_84.5297_23.5192 is valid.
Downloaded Tile_84.6297_24.3692
File is too small: /home/rishabh.mondal/Brick-Kilns-project/ijcai_2025_kilns/raw_data/setinel_tiles/jharkhand/Tile_84.6297_24.3692.tif
Tile Tile_84.6297_24.3692 is invalid, re-downloading...
Downloaded Tile_84.6297_24.3692
Tile Tile_84.6297_24.3692 re-downloaded and is now valid.
Downloaded Tile_84.7797_24.1692
Tile Tile_84.7797_24.1692 is valid.
Downloaded Tile_84.8797_23.3692
Tile Tile_84.8797_23.3692 is valid.
Downloaded Tile_85.0797_22.9192
Tile Tile_85.0797_22.9192 is valid.
Downloaded Tile_85.1297_22.3692
File is too small: /home/rishabh.mondal/Brick-Kilns-project/ijcai_2025_kilns/raw_data/setinel_tiles/jharkhand/Tile_85.1297_22.3692.tif
Tile Tile_85.1297_22.3692 is invalid, re-downloading...
Downloaded Tile_85.1297_22.3692
File is too small: /home/rishabh.mondal/Brick-Kilns-project/ijcai_2025_kilns/raw_data/setinel_tiles/jharkhand/Tile_85.1297_22.3692.tif
Tile Tile_85.1297_22.3692 is still invalid after re-downloading.
Downloaded Tile_85.1297_23.7692
Tile Tile_85.1297_23.7692 is valid.
Downloaded Tile_85.1797_24.3692
Tile Tile_85.1797_24.3692 is valid.
Downloaded Tile_85.2797_24.4692
File is too small: /home/rishabh.mondal/Brick-Kilns-project/ijcai_2025_kilns/raw_data/setinel_tiles/jharkhand/Tile_85.2797_24.4692.tif
Tile Tile_85.2797_24.4692 is invalid, re-downloading...
Downloaded Tile_85.2797_24.4692
Tile Tile_85.2797_24.4692 re-downloaded and is now valid.
Downloaded Tile_85.4297_24.2692
File is too small: /home/rishabh.mondal/Brick-Kilns-project/ijcai_2025_kilns/raw_data/setinel_tiles/jharkhand/Tile_85.4297_24.2692.tif
Tile Tile_85.4297_24.2692 is invalid, re-downloading...
Downloaded Tile_85.4297_24.2692
Tile Tile_85.4297_24.2692 re-downloaded and is now valid.
Downloaded Tile_85.5797_22.4692
Tile Tile_85.5797_22.4692 is valid.
Downloaded Tile_85.6797_23.0692
Tile Tile_85.6797_23.0692 is valid.
Downloaded Tile_85.7797_22.8192
Tile Tile_85.7797_22.8192 is valid.
Downloaded Tile_85.8297_24.6192
Tile Tile_85.8297_24.6192 is valid.
Downloaded Tile_85.8797_23.8192
Tile Tile_85.8797_23.8192 is valid.
Downloaded Tile_85.9797_23.1192
Tile Tile_85.9797_23.1192 is valid.
Downloaded Tile_86.0297_24.3692
Tile Tile_86.0297_24.3692 is valid.
Downloaded Tile_86.1797_22.5692
Tile Tile_86.1797_22.5692 is valid.
Downloaded Tile_86.2797_24.0692
Tile Tile_86.2797_24.0692 is valid.
Downloaded Tile_86.7797_23.9692
Tile Tile_86.7797_23.9692 is valid.
Downloaded Tile_87.5297_24.9692
Tile Tile_87.5297_24.9692 is valid.
Downloaded Tile_84.0297_22.5192
Tile Tile_84.0297_22.5192 is valid.
Downloaded Tile_84.2297_23.9692
Tile Tile_84.2297_23.9692 is valid.
Downloaded Tile_84.2797_23.7192
Tile Tile_84.2797_23.7192 is valid.
Downloaded Tile_84.3797_23.5192
Tile Tile_84.3797_23.5192 is valid.
Downloaded Tile_84.4797_24.3192
Tile Tile_84.4797_24.3192 is valid.
Downloaded Tile_84.6797_22.7692
Tile Tile_84.6797_22.7692 is valid.
Downloaded Tile_84.7297_23.8192
Tile Tile_84.7297_23.8192 is valid.
Downloaded Tile_84.8797_23.3192
Tile Tile_84.8797_23.3192 is valid.
Downloaded Tile_84.9797_22.4192
Tile Tile_84.9797_22.4192 is valid.
Downloaded Tile_85.0797_22.5192
Tile Tile_85.0797_22.5192 is valid.
Downloaded Tile_85.1297_23.6192
Tile Tile_85.1297_23.6192 is valid.
Downloaded Tile_85.1797_24.1192
Tile Tile_85.1797_24.1192 is valid.
Downloaded Tile_85.2797_23.4192
Tile Tile_85.2797_23.4192 is valid.
Downloaded Tile_85.4297_24.0692
Tile Tile_85.4297_24.0692 is valid.
Downloaded Tile_85.5297_24.1192
Tile Tile_85.5297_24.1192 is valid.
Downloaded Tile_85.6297_22.9192
Tile Tile_85.6297_22.9192 is valid.
Downloaded Tile_85.7297_22.7692
Tile Tile_85.7297_22.7692 is valid.
Downloaded Tile_85.7797_24.3692
Tile Tile_85.7797_24.3692 is valid.
Downloaded Tile_85.8797_23.0192
Tile Tile_85.8797_23.0192 is valid.
Downloaded Tile_85.9797_22.8692
Tile Tile_85.9797_22.8692 is valid.
Downloaded Tile_86.0297_24.4692
Tile Tile_86.0297_24.4692 is valid.
Downloaded Tile_86.1297_23.9192
Tile Tile_86.1297_23.9192 is valid.
Downloaded Tile_86.3297_22.7692
Tile Tile_86.3297_22.7692 is valid.
Downloaded Tile_86.8797_22.2692
Tile Tile_86.8797_22.2692 is valid.
Downloaded Tile_87.7297_24.3692
Tile Tile_87.7297_24.3692 is valid.
Downloaded Tile_84.0297_24.2192
Tile Tile_84.0297_24.2192 is valid.
Downloaded Tile_84.1297_23.3192
Tile Tile_84.1297_23.3192 is valid.
Downloaded Tile_84.2297_24.0192
Tile Tile_84.2297_24.0192 is valid.
Downloaded Tile_84.2797_23.4192
Tile Tile_84.2797_23.4192 is valid.
Downloaded Tile_84.4297_23.8192
Tile Tile_84.4297_23.8192 is valid.
Downloaded Tile_84.5797_22.5192
Tile Tile_84.5797_22.5192 is valid.
Downloaded Tile_84.6797_23.1692
Tile Tile_84.6797_23.1692 is valid.
Downloaded Tile_84.7297_24.2192
Tile Tile_84.7297_24.2192 is valid.
Downloaded Tile_84.8797_23.2692
Tile Tile_84.8797_23.2692 is valid.
Downloaded Tile_84.9297_23.8692
Tile Tile_84.9297_23.8692 is valid.
Downloaded Tile_85.0797_22.0692
Tile Tile_85.0797_22.0692 is valid.
Downloaded Tile_85.1297_22.6192
File is too small: /home/rishabh.mondal/Brick-Kilns-project/ijcai_2025_kilns/raw_data/setinel_tiles/jharkhand/Tile_85.1297_22.6192.tif
Tile Tile_85.1297_22.6192 is invalid, re-downloading...
Downloaded Tile_85.1297_22.6192
Tile Tile_85.1297_22.6192 re-downloaded and is now valid.
Downloaded Tile_85.1797_23.8692
Tile Tile_85.1797_23.8692 is valid.
Downloaded Tile_85.2797_23.1692
Tile Tile_85.2797_23.1692 is valid.
Downloaded Tile_85.3797_22.2192
Tile Tile_85.3797_22.2192 is valid.
Downloaded Tile_85.4797_23.2192
Tile Tile_85.4797_23.2192 is valid.
Downloaded Tile_85.5797_23.8692
Tile Tile_85.5797_23.8692 is valid.
Downloaded Tile_85.7297_22.3692
Tile Tile_85.7297_22.3692 is valid.
Downloaded Tile_85.7797_23.7692
Tile Tile_85.7797_23.7692 is valid.
Downloaded Tile_85.8797_22.6192
Tile Tile_85.8797_22.6192 is valid.
Downloaded Tile_85.9797_22.2692
Tile Tile_85.9797_22.2692 is valid.
Downloaded Tile_85.9797_24.1192
Tile Tile_85.9797_24.1192 is valid.
Downloaded Tile_86.0797_24.3192
Tile Tile_86.0797_24.3192 is valid.
Downloaded Tile_86.1797_22.9692
Tile Tile_86.1797_22.9692 is valid.
Downloaded Tile_86.3297_22.4692
Tile Tile_86.3297_22.4692 is valid.
Downloaded Tile_86.9297_24.6192
Tile Tile_86.9297_24.6192 is valid.
Downloaded Tile_87.6797_25.2692
Tile Tile_87.6797_25.2692 is valid.
Downloaded Tile_84.0797_23.2692
Tile Tile_84.0797_23.2692 is valid.
Downloaded Tile_84.0797_24.4192
Tile Tile_84.0797_24.4192 is valid.
Downloaded Tile_84.1797_24.4692
Tile Tile_84.1797_24.4692 is valid.
Downloaded Tile_84.2797_22.9692
Tile Tile_84.2797_22.9692 is valid.
Downloaded Tile_84.3297_24.3192
Tile Tile_84.3297_24.3192 is valid.
Downloaded Tile_84.4797_22.9692
Tile Tile_84.4797_22.9692 is valid.
Downloaded Tile_84.5797_23.7692
Tile Tile_84.5797_23.7692 is valid.
Downloaded Tile_84.6797_22.7192
Tile Tile_84.6797_22.7192 is valid.
Downloaded Tile_84.7297_23.5692
Tile Tile_84.7297_23.5692 is valid.
Downloaded Tile_84.8797_22.4692
Tile Tile_84.8797_22.4692 is valid.
Downloaded Tile_84.9797_23.0192
Tile Tile_84.9797_23.0192 is valid.
Downloaded Tile_85.0797_22.7192
Tile Tile_85.0797_22.7192 is valid.
Downloaded Tile_85.1297_22.7692
Tile Tile_85.1297_22.7692 is valid.
Downloaded Tile_85.1797_23.3192
Tile Tile_85.1797_23.3192 is valid.
Downloaded Tile_85.2797_23.0692
Tile Tile_85.2797_23.0692 is valid.
Downloaded Tile_85.3297_24.3192
Tile Tile_85.3297_24.3192 is valid.
Downloaded Tile_85.4797_23.7692
Tile Tile_85.4797_23.7692 is valid.
Downloaded Tile_85.6297_22.5692
Tile Tile_85.6297_22.5692 is valid.
Downloaded Tile_85.7297_22.2692
Tile Tile_85.7297_22.2692 is valid.
Downloaded Tile_85.7797_23.3692
Tile Tile_85.7797_23.3692 is valid.
Downloaded Tile_85.8797_22.0192
Tile Tile_85.8797_22.0192 is valid.
Downloaded Tile_85.9297_24.7192
Tile Tile_85.9297_24.7192 is valid.
Downloaded Tile_86.0297_22.7692
Tile Tile_86.0297_22.7692 is valid.
Downloaded Tile_86.1297_22.5192
Tile Tile_86.1297_22.5192 is valid.
Downloaded Tile_86.1797_24.5692
Tile Tile_86.1797_24.5692 is valid.
Downloaded Tile_86.4797_24.0692
Tile Tile_86.4797_24.0692 is valid.
Downloaded Tile_86.8297_24.3192
Tile Tile_86.8297_24.3192 is valid.
Downloaded Tile_87.7297_24.7192
Tile Tile_87.7297_24.7192 is valid.
Downloaded Tile_84.0797_22.5692
Tile Tile_84.0797_22.5692 is valid.
Downloaded Tile_84.1797_23.9692
File is too small: /home/rishabh.mondal/Brick-Kilns-project/ijcai_2025_kilns/raw_data/setinel_tiles/jharkhand/Tile_84.1797_23.9692.tif
Tile Tile_84.1797_23.9692 is invalid, re-downloading...
Downloaded Tile_84.1797_23.9692
Tile Tile_84.1797_23.9692 re-downloaded and is now valid.
Downloaded Tile_84.2797_24.4692
Tile Tile_84.2797_24.4692 is valid.
Downloaded Tile_84.3297_24.4192
Tile Tile_84.3297_24.4192 is valid.
Downloaded Tile_84.4297_24.0692
Tile Tile_84.4297_24.0692 is valid.
Downloaded Tile_84.5797_22.6692
File is too small: /home/rishabh.mondal/Brick-Kilns-project/ijcai_2025_kilns/raw_data/setinel_tiles/jharkhand/Tile_84.5797_22.6692.tif
Tile Tile_84.5797_22.6692 is invalid, re-downloading...
Downloaded Tile_84.5797_22.6692
Tile Tile_84.5797_22.6692 re-downloaded and is now valid.
Downloaded Tile_84.6297_23.8192
Tile Tile_84.6297_23.8192 is valid.
Downloaded Tile_84.7297_22.9692
Tile Tile_84.7297_22.9692 is valid.
Downloaded Tile_84.8297_23.1692
Tile Tile_84.8297_23.1692 is valid.
Downloaded Tile_84.9297_22.6192
Tile Tile_84.9297_22.6192 is valid.
Downloaded Tile_85.0297_23.7692
Tile Tile_85.0297_23.7692 is valid.
Downloaded Tile_85.0797_23.6192
Tile Tile_85.0797_23.6192 is valid.
Downloaded Tile_85.1297_24.4192
Tile Tile_85.1297_24.4192 is valid.
Downloaded Tile_85.2297_21.9692
Tile Tile_85.2297_21.9692 is valid.
Downloaded Tile_85.2797_24.0192
Tile Tile_85.2797_24.0192 is valid.
Downloaded Tile_85.3797_22.7192
Tile Tile_85.3797_22.7192 is valid.
Downloaded Tile_85.5297_22.6192
File is too small: /home/rishabh.mondal/Brick-Kilns-project/ijcai_2025_kilns/raw_data/setinel_tiles/jharkhand/Tile_85.5297_22.6192.tif
Tile Tile_85.5297_22.6192 is invalid, re-downloading...
Downloaded Tile_85.5297_22.6192
Tile Tile_85.5297_22.6192 re-downloaded and is now valid.
Downloaded Tile_85.6297_23.3692
Tile Tile_85.6297_23.3692 is valid.
Downloaded Tile_85.7297_23.4192
Tile Tile_85.7297_23.4192 is valid.
Downloaded Tile_85.8297_24.4692
Tile Tile_85.8297_24.4692 is valid.
Downloaded Tile_85.8797_24.6192
Tile Tile_85.8797_24.6192 is valid.
Downloaded Tile_85.9797_23.7692
Tile Tile_85.9797_23.7692 is valid.
Downloaded Tile_86.0297_24.4192
Tile Tile_86.0297_24.4192 is valid.
Downloaded Tile_86.1297_23.7192
Tile Tile_86.1297_23.7192 is valid.
Downloaded Tile_86.2797_23.7692
Tile Tile_86.2797_23.7692 is valid.
Downloaded Tile_86.8297_22.3192
Tile Tile_86.8297_22.3192 is valid.
Downloaded Tile_87.6797_24.7692
Tile Tile_87.6797_24.7692 is valid.
