Total number of filtered tiles: 597
Estimated total file size: 1074.60 MB
Estimated total memory required: 1.05 GB
All tiles processed.
File is too small: /home/rishabh.mondal/Brick-Kilns-project/ijcai_2025_kilns/raw_data/setinel_tiles/assam/Tile_92.6987_26.6861.tif
File is too small: /home/rishabh.mondal/Brick-Kilns-project/ijcai_2025_kilns/raw_data/setinel_tiles/assam/Tile_93.0487_25.8361.tif
File is too small: /home/rishabh.mondal/Brick-Kilns-project/ijcai_2025_kilns/raw_data/setinel_tiles/assam/Tile_93.3487_25.4861.tif
File is too small: /home/rishabh.mondal/Brick-Kilns-project/ijcai_2025_kilns/raw_data/setinel_tiles/assam/Tile_92.7987_24.7861.tif
Valid files: 3084
Invalid files: 4
Downloaded Tile_90.5487_25.8861
Tile Tile_90.5487_25.8861 is valid.
Downloaded Tile_90.8487_25.9861
Tile Tile_90.8487_25.9861 is valid.
Downloaded Tile_91.0487_25.7861
Tile Tile_91.0487_25.7861 is valid.
Downloaded Tile_91.1987_26.1361
Tile Tile_91.1987_26.1361 is valid.
Downloaded Tile_91.3987_26.7861
File is too small: /home/rishabh.mondal/Brick-Kilns-project/ijcai_2025_kilns/raw_data/setinel_tiles/assam/Tile_91.3987_26.7861.tif
Tile Tile_91.3987_26.7861 is invalid, re-downloading...
Downloaded Tile_91.3987_26.7861
Tile Tile_91.3987_26.7861 re-downloaded and is now valid.
Downloaded Tile_91.6987_26.5861
Tile Tile_91.6987_26.5861 is valid.
Downloaded Tile_91.8987_26.0861
File is too small: /home/rishabh.mondal/Brick-Kilns-project/ijcai_2025_kilns/raw_data/setinel_tiles/assam/Tile_91.8987_26.0861.tif
Tile Tile_91.8987_26.0861 is invalid, re-downloading...
Downloaded Tile_91.8987_26.0861
Tile Tile_91.8987_26.0861 re-downloaded and is now valid.
Downloaded Tile_92.0987_26.4361
File is too small: /home/rishabh.mondal/Brick-Kilns-project/ijcai_2025_kilns/raw_data/setinel_tiles/assam/Tile_92.0987_26.4361.tif
Tile Tile_92.0987_26.4361 is invalid, re-downloading...
Downloaded Tile_92.0987_26.4361
Tile Tile_92.0987_26.4361 re-downloaded and is now valid.
Downloaded Tile_92.1987_26.7861
Tile Tile_92.1987_26.7861 is valid.
Downloaded Tile_92.3487_26.0861
Tile Tile_92.3487_26.0861 is valid.
Downloaded Tile_92.3987_26.5861
Tile Tile_92.3987_26.5861 is valid.
Downloaded Tile_92.4487_26.3361
Tile Tile_92.4487_26.3361 is valid.
Downloaded Tile_92.5487_24.2361
Tile Tile_92.5487_24.2361 is valid.
Downloaded Tile_92.5987_24.3861
Tile Tile_92.5987_24.3861 is valid.
Downloaded Tile_92.6487_25.7861
Tile Tile_92.6487_25.7861 is valid.
Downloaded Tile_92.6987_26.6861
File is too small: /home/rishabh.mondal/Brick-Kilns-project/ijcai_2025_kilns/raw_data/setinel_tiles/assam/Tile_92.6987_26.6861.tif
Tile Tile_92.6987_26.6861 is invalid, re-downloading...
Downloaded Tile_92.6987_26.6861
File is too small: /home/rishabh.mondal/Brick-Kilns-project/ijcai_2025_kilns/raw_data/setinel_tiles/assam/Tile_92.6987_26.6861.tif
Tile Tile_92.6987_26.6861 is still invalid after re-downloading.
Downloaded Tile_92.7487_25.5861
Tile Tile_92.7487_25.5861 is valid.
Downloaded Tile_92.7987_26.7861
Tile Tile_92.7987_26.7861 is valid.
Downloaded Tile_92.8987_25.6361
Tile Tile_92.8987_25.6361 is valid.
Downloaded Tile_92.9487_24.6361
Tile Tile_92.9487_24.6361 is valid.
Downloaded Tile_92.9987_26.4861
Tile Tile_92.9987_26.4861 is valid.
Downloaded Tile_93.0987_25.2361
Tile Tile_93.0987_25.2361 is valid.
Downloaded Tile_93.1987_26.1861
File is too small: /home/rishabh.mondal/Brick-Kilns-project/ijcai_2025_kilns/raw_data/setinel_tiles/assam/Tile_93.1987_26.1861.tif
Tile Tile_93.1987_26.1861 is invalid, re-downloading...
Downloaded Tile_93.1987_26.1861
Tile Tile_93.1987_26.1861 re-downloaded and is now valid.
Downloaded Tile_93.2987_26.8361
Tile Tile_93.2987_26.8361 is valid.
Downloaded Tile_93.4987_25.6361
Tile Tile_93.4987_25.6361 is valid.
Downloaded Tile_93.5487_26.9361
Tile Tile_93.5487_26.9361 is valid.
Downloaded Tile_93.6987_26.5361
Tile Tile_93.6987_26.5361 is valid.
Downloaded Tile_93.8987_26.1861
Tile Tile_93.8987_26.1861 is valid.
Downloaded Tile_94.0487_26.9861
Tile Tile_94.0487_26.9861 is valid.
Downloaded Tile_94.2987_27.1861
Tile Tile_94.2987_27.1861 is valid.
Downloaded Tile_94.5487_27.5361
Tile Tile_94.5487_27.5361 is valid.
Downloaded Tile_94.7487_27.0861
Tile Tile_94.7487_27.0861 is valid.
Downloaded Tile_95.0487_27.6861
Tile Tile_95.0487_27.6861 is valid.
Downloaded Tile_95.2987_27.6361
Tile Tile_95.2987_27.6361 is valid.
Downloaded Tile_95.4987_27.4361
Tile Tile_95.4987_27.4361 is valid.
Downloaded Tile_95.6487_27.7361
Tile Tile_95.6487_27.7361 is valid.
Downloaded Tile_90.4987_26.5861
Tile Tile_90.4987_26.5861 is valid.
Downloaded Tile_90.6987_26.4861
Tile Tile_90.6987_26.4861 is valid.
Downloaded Tile_90.8987_26.1361
Tile Tile_90.8987_26.1361 is valid.
Downloaded Tile_91.0987_26.3861
Tile Tile_91.0987_26.3861 is valid.
Downloaded Tile_91.2987_26.1861
Tile Tile_91.2987_26.1861 is valid.
Downloaded Tile_91.4987_26.7861
Tile Tile_91.4987_26.7861 is valid.
Downloaded Tile_91.7487_26.3361
Tile Tile_91.7487_26.3361 is valid.
Downloaded Tile_91.8987_26.1361
Tile Tile_91.8987_26.1361 is valid.
Downloaded Tile_92.0487_26.4861
Tile Tile_92.0487_26.4861 is valid.
Downloaded Tile_92.1487_26.5861
Tile Tile_92.1487_26.5861 is valid.
Downloaded Tile_92.2487_26.4861
Tile Tile_92.2487_26.4861 is valid.
Downloaded Tile_92.3987_24.6861
Tile Tile_92.3987_24.6861 is valid.
Downloaded Tile_92.4487_24.7361
Tile Tile_92.4487_24.7361 is valid.
Downloaded Tile_92.4987_24.7361
Tile Tile_92.4987_24.7361 is valid.
Downloaded Tile_92.5487_25.6361
File is too small: /home/rishabh.mondal/Brick-Kilns-project/ijcai_2025_kilns/raw_data/setinel_tiles/assam/Tile_92.5487_25.6361.tif
Tile Tile_92.5487_25.6361 is invalid, re-downloading...
Downloaded Tile_92.5487_25.6361
Tile Tile_92.5487_25.6361 re-downloaded and is now valid.
Downloaded Tile_92.6487_24.9861
Tile Tile_92.6487_24.9861 is valid.
Downloaded Tile_92.6987_25.5861
File is too small: /home/rishabh.mondal/Brick-Kilns-project/ijcai_2025_kilns/raw_data/setinel_tiles/assam/Tile_92.6987_25.5861.tif
Tile Tile_92.6987_25.5861 is invalid, re-downloading...
Downloaded Tile_92.6987_25.5861
Tile Tile_92.6987_25.5861 re-downloaded and is now valid.
Downloaded Tile_92.7987_24.7861
File is too small: /home/rishabh.mondal/Brick-Kilns-project/ijcai_2025_kilns/raw_data/setinel_tiles/assam/Tile_92.7987_24.7861.tif
Tile Tile_92.7987_24.7861 is invalid, re-downloading...
Downloaded Tile_92.7987_24.7861
File is too small: /home/rishabh.mondal/Brick-Kilns-project/ijcai_2025_kilns/raw_data/setinel_tiles/assam/Tile_92.7987_24.7861.tif
Tile Tile_92.7987_24.7861 is still invalid after re-downloading.
Downloaded Tile_92.7987_26.0861
Tile Tile_92.7987_26.0861 is valid.
Downloaded Tile_92.8987_25.8361
File is too small: /home/rishabh.mondal/Brick-Kilns-project/ijcai_2025_kilns/raw_data/setinel_tiles/assam/Tile_92.8987_25.8361.tif
Tile Tile_92.8987_25.8361 is invalid, re-downloading...
Downloaded Tile_92.8987_25.8361
Tile Tile_92.8987_25.8361 re-downloaded and is now valid.
Downloaded Tile_92.9487_26.3861
Tile Tile_92.9487_26.3861 is valid.
Downloaded Tile_93.0487_26.4361
Tile Tile_93.0487_26.4361 is valid.
Downloaded Tile_93.1487_26.5361
Tile Tile_93.1487_26.5361 is valid.
Downloaded Tile_93.2487_25.9861
Tile Tile_93.2487_25.9861 is valid.
Downloaded Tile_93.3487_25.9361
Tile Tile_93.3487_25.9361 is valid.
Downloaded Tile_93.4987_25.8361
Tile Tile_93.4987_25.8361 is valid.
Downloaded Tile_93.5987_26.1361
Tile Tile_93.5987_26.1361 is valid.
Downloaded Tile_93.7487_25.8361
Tile Tile_93.7487_25.8361 is valid.
Downloaded Tile_93.8987_26.9361
Tile Tile_93.8987_26.9361 is valid.
Downloaded Tile_94.1487_26.4361
Tile Tile_94.1487_26.4361 is valid.
Downloaded Tile_94.2987_27.4361
Tile Tile_94.2987_27.4361 is valid.
Downloaded Tile_94.5987_26.8361
Tile Tile_94.5987_26.8361 is valid.
Downloaded Tile_94.7987_26.9861
Tile Tile_94.7987_26.9861 is valid.
Downloaded Tile_95.0987_27.0861
Tile Tile_95.0987_27.0861 is valid.
Downloaded Tile_95.3487_27.0861
Tile Tile_95.3487_27.0861 is valid.
Downloaded Tile_95.4987_27.5361
Tile Tile_95.4987_27.5361 is valid.
Downloaded Tile_95.6987_27.5361
Tile Tile_95.6987_27.5361 is valid.
Downloaded Tile_90.5487_26.0861
Tile Tile_90.5487_26.0861 is valid.
Downloaded Tile_90.7987_26.6861
Tile Tile_90.7987_26.6861 is valid.
Downloaded Tile_90.9987_25.9861
Tile Tile_90.9987_25.9861 is valid.
Downloaded Tile_91.0987_26.7361
Tile Tile_91.0987_26.7361 is valid.
Downloaded Tile_91.3487_26.2361
Tile Tile_91.3487_26.2361 is valid.
Downloaded Tile_91.4987_26.4861
Tile Tile_91.4987_26.4861 is valid.
Downloaded Tile_91.6987_26.2361
Tile Tile_91.6987_26.2361 is valid.
Downloaded Tile_91.8487_26.5861
Tile Tile_91.8487_26.5861 is valid.
Downloaded Tile_91.9987_26.3361
Tile Tile_91.9987_26.3361 is valid.
Downloaded Tile_92.1487_26.5361
File is too small: /home/rishabh.mondal/Brick-Kilns-project/ijcai_2025_kilns/raw_data/setinel_tiles/assam/Tile_92.1487_26.5361.tif
Tile Tile_92.1487_26.5361 is invalid, re-downloading...
Downloaded Tile_92.1487_26.5361
Tile Tile_92.1487_26.5361 re-downloaded and is now valid.
Downloaded Tile_92.3487_24.7361
Tile Tile_92.3487_24.7361 is valid.
Downloaded Tile_92.3987_26.8361
Tile Tile_92.3987_26.8361 is valid.
Downloaded Tile_92.4487_26.0861
Tile Tile_92.4487_26.0861 is valid.
Downloaded Tile_92.5487_24.5861
Tile Tile_92.5487_24.5861 is valid.
Downloaded Tile_92.5487_26.9361
Tile Tile_92.5487_26.9361 is valid.
Downloaded Tile_92.6487_25.8861
Tile Tile_92.6487_25.8861 is valid.
Downloaded Tile_92.6987_26.0361
Tile Tile_92.6987_26.0361 is valid.
Downloaded Tile_92.7987_24.8361
Tile Tile_92.7987_24.8361 is valid.
Downloaded Tile_92.8487_24.5361
Tile Tile_92.8487_24.5361 is valid.
Downloaded Tile_92.8987_26.6861
Tile Tile_92.8987_26.6861 is valid.
Downloaded Tile_92.9987_25.9861
Tile Tile_92.9987_25.9861 is valid.
Downloaded Tile_93.0487_26.2861
Tile Tile_93.0487_26.2861 is valid.
Downloaded Tile_93.1487_24.9861
File is too small: /home/rishabh.mondal/Brick-Kilns-project/ijcai_2025_kilns/raw_data/setinel_tiles/assam/Tile_93.1487_24.9861.tif
Tile Tile_93.1487_24.9861 is invalid, re-downloading...
Downloaded Tile_93.1487_24.9861
Tile Tile_93.1487_24.9861 re-downloaded and is now valid.
Downloaded Tile_93.2487_26.7361
Tile Tile_93.2487_26.7361 is valid.
Downloaded Tile_93.3987_25.7861
Tile Tile_93.3987_25.7861 is valid.
Downloaded Tile_93.5487_26.3861
Tile Tile_93.5487_26.3861 is valid.
Downloaded Tile_93.5987_26.5861
Tile Tile_93.5987_26.5861 is valid.
Downloaded Tile_93.7487_26.1361
Tile Tile_93.7487_26.1361 is valid.
Downloaded Tile_93.8987_26.9861
Tile Tile_93.8987_26.9861 is valid.
Downloaded Tile_94.1487_26.4861
Tile Tile_94.1487_26.4861 is valid.
Downloaded Tile_94.2987_27.2361
Tile Tile_94.2987_27.2361 is valid.
Downloaded Tile_94.5987_26.9361
Tile Tile_94.5987_26.9361 is valid.
Downloaded Tile_94.7487_27.6861
Tile Tile_94.7487_27.6861 is valid.
Downloaded Tile_95.0987_27.2361
Tile Tile_95.0987_27.2361 is valid.
Downloaded Tile_95.2987_27.5861
Tile Tile_95.2987_27.5861 is valid.
Downloaded Tile_95.4987_27.6361
Tile Tile_95.4987_27.6361 is valid.
Downloaded Tile_95.6487_27.5361
Tile Tile_95.6487_27.5361 is valid.
Downloaded Tile_90.5487_26.1861
Tile Tile_90.5487_26.1861 is valid.
Downloaded Tile_90.6987_26.6861
Tile Tile_90.6987_26.6861 is valid.
Downloaded Tile_90.8487_26.7361
Tile Tile_90.8487_26.7361 is valid.
Downloaded Tile_91.0487_26.6861
Tile Tile_91.0487_26.6861 is valid.
Downloaded Tile_91.2487_26.7861
Tile Tile_91.2487_26.7861 is valid.
Downloaded Tile_91.4487_26.5861
Tile Tile_91.4487_26.5861 is valid.
Downloaded Tile_91.5987_26.5361
Tile Tile_91.5987_26.5361 is valid.
Downloaded Tile_91.8487_26.4861
File is too small: /home/rishabh.mondal/Brick-Kilns-project/ijcai_2025_kilns/raw_data/setinel_tiles/assam/Tile_91.8487_26.4861.tif
Tile Tile_91.8487_26.4861 is invalid, re-downloading...
Downloaded Tile_91.8487_26.4861
Tile Tile_91.8487_26.4861 re-downloaded and is now valid.
Downloaded Tile_91.9487_26.8361
Tile Tile_91.9487_26.8361 is valid.
Downloaded Tile_92.1487_26.0861
Tile Tile_92.1487_26.0861 is valid.
Downloaded Tile_92.2487_26.2361
Tile Tile_92.2487_26.2361 is valid.
Downloaded Tile_92.3487_26.8861
Tile Tile_92.3487_26.8861 is valid.
Downloaded Tile_92.4487_24.5361
Tile Tile_92.4487_24.5361 is valid.
Downloaded Tile_92.4987_24.5361
Tile Tile_92.4987_24.5361 is valid.
Downloaded Tile_92.5487_25.5861
File is too small: /home/rishabh.mondal/Brick-Kilns-project/ijcai_2025_kilns/raw_data/setinel_tiles/assam/Tile_92.5487_25.5861.tif
Tile Tile_92.5487_25.5861 is invalid, re-downloading...
Downloaded Tile_92.5487_25.5861
Tile Tile_92.5487_25.5861 re-downloaded and is now valid.
Downloaded Tile_92.5987_25.6361
Tile Tile_92.5987_25.6361 is valid.
Downloaded Tile_92.6987_24.5361
Tile Tile_92.6987_24.5361 is valid.
Downloaded Tile_92.7487_24.8361
Tile Tile_92.7487_24.8361 is valid.
Downloaded Tile_92.7987_26.4861
Tile Tile_92.7987_26.4861 is valid.
Downloaded Tile_92.8987_24.7361
Tile Tile_92.8987_24.7361 is valid.
Downloaded Tile_92.9487_24.6861
Tile Tile_92.9487_24.6861 is valid.
Downloaded Tile_92.9987_26.5361
Tile Tile_92.9987_26.5361 is valid.
Downloaded Tile_93.0987_24.9861
Tile Tile_93.0987_24.9861 is valid.
Downloaded Tile_93.1487_26.8861
Tile Tile_93.1487_26.8861 is valid.
Downloaded Tile_93.2987_25.7861
Tile Tile_93.2987_25.7861 is valid.
Downloaded Tile_93.3987_26.3361
Tile Tile_93.3987_26.3361 is valid.
Downloaded Tile_93.5487_26.4861
Tile Tile_93.5487_26.4861 is valid.
Downloaded Tile_93.6487_26.4861
Tile Tile_93.6487_26.4861 is valid.
Downloaded Tile_93.7987_25.8861
Tile Tile_93.7987_25.8861 is valid.
Downloaded Tile_93.8987_27.1861
Tile Tile_93.8987_27.1861 is valid.
Downloaded Tile_94.1987_26.4361
Tile Tile_94.1987_26.4361 is valid.
Downloaded Tile_94.3487_27.3361
Tile Tile_94.3487_27.3361 is valid.
Downloaded Tile_94.5987_27.1361
Tile Tile_94.5987_27.1361 is valid.
Downloaded Tile_94.7987_27.5361
Tile Tile_94.7987_27.5361 is valid.
Downloaded Tile_95.0487_27.7861
Tile Tile_95.0487_27.7861 is valid.
Downloaded Tile_95.2987_27.7361
Tile Tile_95.2987_27.7361 is valid.
Downloaded Tile_95.4987_27.8861
Tile Tile_95.4987_27.8861 is valid.
Downloaded Tile_95.6487_27.8861
Tile Tile_95.6487_27.8861 is valid.
Downloaded Tile_90.5487_26.4361
Tile Tile_90.5487_26.4361 is valid.
Downloaded Tile_90.5987_26.3861
Tile Tile_90.5987_26.3861 is valid.
Downloaded Tile_90.8987_26.4361
Tile Tile_90.8987_26.4361 is valid.
Downloaded Tile_91.0487_26.0861
Tile Tile_91.0487_26.0861 is valid.
Downloaded Tile_91.2987_26.4861
Tile Tile_91.2987_26.4861 is valid.
Downloaded Tile_91.4987_26.1361
Tile Tile_91.4987_26.1361 is valid.
Downloaded Tile_91.6987_26.7861
File is too small: /home/rishabh.mondal/Brick-Kilns-project/ijcai_2025_kilns/raw_data/setinel_tiles/assam/Tile_91.6987_26.7861.tif
Tile Tile_91.6987_26.7861 is invalid, re-downloading...
Downloaded Tile_91.6987_26.7861
Tile Tile_91.6987_26.7861 re-downloaded and is now valid.
Downloaded Tile_91.8987_26.1861
Tile Tile_91.8987_26.1861 is valid.
Downloaded Tile_92.0487_26.6361
Tile Tile_92.0487_26.6361 is valid.
Downloaded Tile_92.1987_25.8861
Tile Tile_92.1987_25.8861 is valid.
Downloaded Tile_92.2487_26.8861
Tile Tile_92.2487_26.8861 is valid.
Downloaded Tile_92.3987_24.8361
Tile Tile_92.3987_24.8361 is valid.
Downloaded Tile_92.4487_25.6361
File is too small: /home/rishabh.mondal/Brick-Kilns-project/ijcai_2025_kilns/raw_data/setinel_tiles/assam/Tile_92.4487_25.6361.tif
Tile Tile_92.4487_25.6361 is invalid, re-downloading...
Downloaded Tile_92.4487_25.6361
Tile Tile_92.4487_25.6361 re-downloaded and is now valid.
Downloaded Tile_92.4987_25.9361
File is too small: /home/rishabh.mondal/Brick-Kilns-project/ijcai_2025_kilns/raw_data/setinel_tiles/assam/Tile_92.4987_25.9361.tif
Tile Tile_92.4987_25.9361 is invalid, re-downloading...
Downloaded Tile_92.4987_25.9361
Tile Tile_92.4987_25.9361 re-downloaded and is now valid.
Downloaded Tile_92.5487_25.9861
Tile Tile_92.5487_25.9861 is valid.
Downloaded Tile_92.6487_24.4361
File is too small: /home/rishabh.mondal/Brick-Kilns-project/ijcai_2025_kilns/raw_data/setinel_tiles/assam/Tile_92.6487_24.4361.tif
Tile Tile_92.6487_24.4361 is invalid, re-downloading...
Downloaded Tile_92.6487_24.4361
Tile Tile_92.6487_24.4361 re-downloaded and is now valid.
Downloaded Tile_92.6987_25.1861
Tile Tile_92.6987_25.1861 is valid.
Downloaded Tile_92.7487_26.8361
Tile Tile_92.7487_26.8361 is valid.
Downloaded Tile_92.8487_24.3861
Tile Tile_92.8487_24.3861 is valid.
Downloaded Tile_92.8987_26.7361
Tile Tile_92.8987_26.7361 is valid.
Downloaded Tile_92.9487_26.6861
Tile Tile_92.9487_26.6861 is valid.
Downloaded Tile_93.0487_26.5361
Tile Tile_93.0487_26.5361 is valid.
Downloaded Tile_93.1487_26.6361
Tile Tile_93.1487_26.6361 is valid.
Downloaded Tile_93.2487_26.2361
Tile Tile_93.2487_26.2361 is valid.
Downloaded Tile_93.3487_25.8361
Tile Tile_93.3487_25.8361 is valid.
Downloaded Tile_93.4987_25.9361
Tile Tile_93.4987_25.9361 is valid.
Downloaded Tile_93.5987_26.2361
Tile Tile_93.5987_26.2361 is valid.
Downloaded Tile_93.6987_26.9361
Tile Tile_93.6987_26.9361 is valid.
Downloaded Tile_93.8987_27.0861
Tile Tile_93.8987_27.0861 is valid.
Downloaded Tile_94.1487_26.9361
Tile Tile_94.1487_26.9361 is valid.
Downloaded Tile_94.3487_27.2361
Tile Tile_94.3487_27.2361 is valid.
Downloaded Tile_94.5987_27.2861
Tile Tile_94.5987_27.2861 is valid.
Downloaded Tile_94.8487_27.0361
Tile Tile_94.8487_27.0361 is valid.
Downloaded Tile_95.1487_27.7361
Tile Tile_95.1487_27.7361 is valid.
Downloaded Tile_95.4487_27.5361
Tile Tile_95.4487_27.5361 is valid.
Downloaded Tile_95.5487_27.5361
Tile Tile_95.5487_27.5361 is valid.
Downloaded Tile_95.7487_27.5361
Tile Tile_95.7487_27.5361 is valid.
Downloaded Tile_90.5487_26.2861
Tile Tile_90.5487_26.2861 is valid.
Downloaded Tile_90.6987_26.2861
Tile Tile_90.6987_26.2861 is valid.
Downloaded Tile_90.9487_26.4361
Tile Tile_90.9487_26.4361 is valid.
Downloaded Tile_91.1987_25.8361
Tile Tile_91.1987_25.8361 is valid.
Downloaded Tile_91.3987_26.4361
Tile Tile_91.3987_26.4361 is valid.
Downloaded Tile_91.5987_26.1361
Tile Tile_91.5987_26.1361 is valid.
Downloaded Tile_91.7987_26.7861
Tile Tile_91.7987_26.7861 is valid.
Downloaded Tile_91.8987_26.4861
Tile Tile_91.8987_26.4861 is valid.
Downloaded Tile_92.0487_26.0861
Tile Tile_92.0487_26.0861 is valid.
Downloaded Tile_92.1987_25.9861
Tile Tile_92.1987_25.9861 is valid.
Downloaded Tile_92.3487_25.7361
Tile Tile_92.3487_25.7361 is valid.
Downloaded Tile_92.3987_26.5361
Tile Tile_92.3987_26.5361 is valid.
Downloaded Tile_92.4487_26.0361
Tile Tile_92.4487_26.0361 is valid.
Downloaded Tile_92.4987_26.5361
Tile Tile_92.4987_26.5361 is valid.
Downloaded Tile_92.5487_26.0361
Tile Tile_92.5487_26.0361 is valid.
Downloaded Tile_92.6487_26.7861
Tile Tile_92.6487_26.7861 is valid.
Downloaded Tile_92.7487_25.8361
Tile Tile_92.7487_25.8361 is valid.
Downloaded Tile_92.7987_26.8361
Tile Tile_92.7987_26.8361 is valid.
Downloaded Tile_92.8987_26.4361
Tile Tile_92.8987_26.4361 is valid.
Downloaded Tile_92.9487_26.5861
Tile Tile_92.9487_26.5861 is valid.
Downloaded Tile_93.0487_25.7361
Tile Tile_93.0487_25.7361 is valid.
Downloaded Tile_93.0987_26.7861
Tile Tile_93.0987_26.7861 is valid.
Downloaded Tile_93.2487_24.9361
Tile Tile_93.2487_24.9361 is valid.
Downloaded Tile_93.2987_26.7361
Tile Tile_93.2987_26.7361 is valid.
Downloaded Tile_93.4487_25.9361
Tile Tile_93.4487_25.9361 is valid.
Downloaded Tile_93.5487_26.5861
File is too small: /home/rishabh.mondal/Brick-Kilns-project/ijcai_2025_kilns/raw_data/setinel_tiles/assam/Tile_93.5487_26.5861.tif
Tile Tile_93.5487_26.5861 is invalid, re-downloading...
Downloaded Tile_93.5487_26.5861
Tile Tile_93.5487_26.5861 re-downloaded and is now valid.
Downloaded Tile_93.6987_26.3861
File is too small: /home/rishabh.mondal/Brick-Kilns-project/ijcai_2025_kilns/raw_data/setinel_tiles/assam/Tile_93.6987_26.3861.tif
Tile Tile_93.6987_26.3861 is invalid, re-downloading...
Downloaded Tile_93.6987_26.3861
Tile Tile_93.6987_26.3861 re-downloaded and is now valid.
Downloaded Tile_93.7987_26.7361
Tile Tile_93.7987_26.7361 is valid.
Downloaded Tile_93.9487_26.9361
File is too small: /home/rishabh.mondal/Brick-Kilns-project/ijcai_2025_kilns/raw_data/setinel_tiles/assam/Tile_93.9487_26.9361.tif
Tile Tile_93.9487_26.9361 is invalid, re-downloading...
Downloaded Tile_93.9487_26.9361
Tile Tile_93.9487_26.9361 re-downloaded and is now valid.
Downloaded Tile_94.2487_26.8361
Tile Tile_94.2487_26.8361 is valid.
Downloaded Tile_94.4487_27.3361
Tile Tile_94.4487_27.3361 is valid.
Downloaded Tile_94.6487_27.6361
Tile Tile_94.6487_27.6361 is valid.
Downloaded Tile_94.8987_27.7361
Tile Tile_94.8987_27.7361 is valid.
Downloaded Tile_95.1987_27.4861
Tile Tile_95.1987_27.4861 is valid.
Downloaded Tile_95.3987_27.2861
Tile Tile_95.3987_27.2861 is valid.
Downloaded Tile_95.5487_27.4361
Tile Tile_95.5487_27.4361 is valid.
Downloaded Tile_95.7487_27.6861
Tile Tile_95.7487_27.6861 is valid.
Downloaded Tile_90.4487_26.2361
Tile Tile_90.4487_26.2361 is valid.
Downloaded Tile_90.6487_26.1861
Tile Tile_90.6487_26.1861 is valid.
Downloaded Tile_90.9487_26.5861
Tile Tile_90.9487_26.5861 is valid.
Downloaded Tile_91.0487_26.7861
Tile Tile_91.0487_26.7861 is valid.
Downloaded Tile_91.2987_26.2361
Tile Tile_91.2987_26.2361 is valid.
Downloaded Tile_91.4487_25.9361
Tile Tile_91.4487_25.9361 is valid.
Downloaded Tile_91.5987_26.6361
Tile Tile_91.5987_26.6361 is valid.
Downloaded Tile_91.8487_25.9861
Tile Tile_91.8487_25.9861 is valid.
Downloaded Tile_91.9487_26.4861
Tile Tile_91.9487_26.4861 is valid.
Downloaded Tile_92.1487_25.7861
Tile Tile_92.1487_25.7861 is valid.
Downloaded Tile_92.2487_24.8861
Tile Tile_92.2487_24.8861 is valid.
Downloaded Tile_92.3987_24.3361
Tile Tile_92.3987_24.3361 is valid.
Downloaded Tile_92.4487_25.9861
Tile Tile_92.4487_25.9861 is valid.
Downloaded Tile_92.4987_26.8861
Tile Tile_92.4987_26.8861 is valid.
Downloaded Tile_92.5487_26.5361
Tile Tile_92.5487_26.5361 is valid.
Downloaded Tile_92.6487_24.8361
Tile Tile_92.6487_24.8361 is valid.
Downloaded Tile_92.6987_25.4861
Tile Tile_92.6987_25.4861 is valid.
Downloaded Tile_92.7487_26.5361
Tile Tile_92.7487_26.5361 is valid.
Downloaded Tile_92.8487_26.0861
Tile Tile_92.8487_26.0861 is valid.
Downloaded Tile_92.9487_24.4861
Tile Tile_92.9487_24.4861 is valid.
Downloaded Tile_92.9987_26.0361
Tile Tile_92.9987_26.0361 is valid.
Downloaded Tile_93.0487_26.6861
Tile Tile_93.0487_26.6861 is valid.
Downloaded Tile_93.1987_25.5361
File is too small: /home/rishabh.mondal/Brick-Kilns-project/ijcai_2025_kilns/raw_data/setinel_tiles/assam/Tile_93.1987_25.5361.tif
Tile Tile_93.1987_25.5361 is invalid, re-downloading...
Downloaded Tile_93.1987_25.5361
Tile Tile_93.1987_25.5361 re-downloaded and is now valid.
Downloaded Tile_93.2987_26.2361
Tile Tile_93.2987_26.2361 is valid.
Downloaded Tile_93.3987_25.8861
Tile Tile_93.3987_25.8861 is valid.
Downloaded Tile_93.5487_26.4361
Tile Tile_93.5487_26.4361 is valid.
Downloaded Tile_93.6987_25.9861
Tile Tile_93.6987_25.9861 is valid.
Downloaded Tile_93.7987_25.9861
Tile Tile_93.7987_25.9861 is valid.
Downloaded Tile_93.9487_25.9361
Tile Tile_93.9487_25.9361 is valid.
Downloaded Tile_94.1487_27.3361
Tile Tile_94.1487_27.3361 is valid.
Downloaded Tile_94.3487_27.1861
Tile Tile_94.3487_27.1861 is valid.
Downloaded Tile_94.6487_26.9361
Tile Tile_94.6487_26.9361 is valid.
Downloaded Tile_94.8487_27.4361
Tile Tile_94.8487_27.4361 is valid.
Downloaded Tile_95.0987_27.6361
Tile Tile_95.0987_27.6361 is valid.
Downloaded Tile_95.3487_27.7361
Tile Tile_95.3487_27.7361 is valid.
Downloaded Tile_95.5487_27.2361
Tile Tile_95.5487_27.2361 is valid.
Downloaded Tile_95.7487_27.4361
Tile Tile_95.7487_27.4361 is valid.
Downloaded Tile_90.4487_26.5361
Tile Tile_90.4487_26.5361 is valid.
Downloaded Tile_90.7987_26.1361
Tile Tile_90.7987_26.1361 is valid.
Downloaded Tile_91.0487_25.8861
Tile Tile_91.0487_25.8861 is valid.
Downloaded Tile_91.2487_26.0361
Tile Tile_91.2487_26.0361 is valid.
Downloaded Tile_91.3987_26.0861
Tile Tile_91.3987_26.0861 is valid.
Downloaded Tile_91.5487_26.4361
Tile Tile_91.5487_26.4361 is valid.
Downloaded Tile_91.7487_26.6361
Tile Tile_91.7487_26.6361 is valid.
Downloaded Tile_91.8487_26.8361
Tile Tile_91.8487_26.8361 is valid.
Downloaded Tile_91.9987_26.4861
Tile Tile_91.9987_26.4861 is valid.
Downloaded Tile_92.1487_26.3361
Tile Tile_92.1487_26.3361 is valid.
Downloaded Tile_92.2487_25.7361
Tile Tile_92.2487_25.7361 is valid.
Downloaded Tile_92.3487_26.7861
Tile Tile_92.3487_26.7861 is valid.
Downloaded Tile_92.4487_24.4861
File is too small: /home/rishabh.mondal/Brick-Kilns-project/ijcai_2025_kilns/raw_data/setinel_tiles/assam/Tile_92.4487_24.4861.tif
Tile Tile_92.4487_24.4861 is invalid, re-downloading...
Downloaded Tile_92.4487_24.4861
Tile Tile_92.4487_24.4861 re-downloaded and is now valid.
Downloaded Tile_92.4987_25.9861
Tile Tile_92.4987_25.9861 is valid.
Downloaded Tile_92.5487_25.8861
Tile Tile_92.5487_25.8861 is valid.
Downloaded Tile_92.5987_26.8861
Tile Tile_92.5987_26.8861 is valid.
Downloaded Tile_92.6987_25.1361
Tile Tile_92.6987_25.1361 is valid.
Downloaded Tile_92.7487_26.5861
Tile Tile_92.7487_26.5861 is valid.
Downloaded Tile_92.7987_26.9861
Tile Tile_92.7987_26.9861 is valid.
Downloaded Tile_92.8987_26.8361
Tile Tile_92.8987_26.8361 is valid.
Downloaded Tile_92.9487_26.6361
Tile Tile_92.9487_26.6361 is valid.
Downloaded Tile_93.0487_25.8361
File is too small: /home/rishabh.mondal/Brick-Kilns-project/ijcai_2025_kilns/raw_data/setinel_tiles/assam/Tile_93.0487_25.8361.tif
Tile Tile_93.0487_25.8361 is invalid, re-downloading...
Downloaded Tile_93.0487_25.8361
File is too small: /home/rishabh.mondal/Brick-Kilns-project/ijcai_2025_kilns/raw_data/setinel_tiles/assam/Tile_93.0487_25.8361.tif
Tile Tile_93.0487_25.8361 is still invalid after re-downloading.
Downloaded Tile_93.0987_25.5361
Tile Tile_93.0987_25.5361 is valid.
Downloaded Tile_93.1487_26.9361
Tile Tile_93.1487_26.9361 is valid.
Downloaded Tile_93.2987_26.4861
File is too small: /home/rishabh.mondal/Brick-Kilns-project/ijcai_2025_kilns/raw_data/setinel_tiles/assam/Tile_93.2987_26.4861.tif
Tile Tile_93.2987_26.4861 is invalid, re-downloading...
Downloaded Tile_93.2987_26.4861
Tile Tile_93.2987_26.4861 re-downloaded and is now valid.
Downloaded Tile_93.4487_26.5861
Tile Tile_93.4487_26.5861 is valid.
Downloaded Tile_93.5487_26.8361
Tile Tile_93.5487_26.8361 is valid.
Downloaded Tile_93.6987_26.0361
Tile Tile_93.6987_26.0361 is valid.
Downloaded Tile_93.8487_26.2361
Tile Tile_93.8487_26.2361 is valid.
Downloaded Tile_94.0487_26.9361
Tile Tile_94.0487_26.9361 is valid.
Downloaded Tile_94.2987_26.5361
Tile Tile_94.2987_26.5361 is valid.
Downloaded Tile_94.4487_27.1361
Tile Tile_94.4487_27.1361 is valid.
Downloaded Tile_94.7487_26.7861
Tile Tile_94.7487_26.7861 is valid.
Downloaded Tile_94.9487_27.6361
Tile Tile_94.9487_27.6361 is valid.
Downloaded Tile_95.1987_27.2861
Tile Tile_95.1987_27.2861 is valid.
Downloaded Tile_95.4487_27.6361
Tile Tile_95.4487_27.6361 is valid.
Downloaded Tile_95.5487_27.6361
Tile Tile_95.5487_27.6361 is valid.
Downloaded Tile_95.7487_27.8861
Tile Tile_95.7487_27.8861 is valid.
Downloaded Tile_90.5487_26.5361
Tile Tile_90.5487_26.5361 is valid.
Downloaded Tile_90.6487_26.2861
Tile Tile_90.6487_26.2861 is valid.
Downloaded Tile_90.9487_26.0361
Tile Tile_90.9487_26.0361 is valid.
Downloaded Tile_91.0987_25.9861
Tile Tile_91.0987_25.9861 is valid.
Downloaded Tile_91.2987_26.3861
Tile Tile_91.2987_26.3861 is valid.
Downloaded Tile_91.4987_26.2861
Tile Tile_91.4987_26.2861 is valid.
Downloaded Tile_91.5987_26.7861
Tile Tile_91.5987_26.7861 is valid.
Downloaded Tile_91.8487_26.4361
File is too small: /home/rishabh.mondal/Brick-Kilns-project/ijcai_2025_kilns/raw_data/setinel_tiles/assam/Tile_91.8487_26.4361.tif
Tile Tile_91.8487_26.4361 is invalid, re-downloading...
Downloaded Tile_91.8487_26.4361
Tile Tile_91.8487_26.4361 re-downloaded and is now valid.
Downloaded Tile_91.9487_26.6361
File is too small: /home/rishabh.mondal/Brick-Kilns-project/ijcai_2025_kilns/raw_data/setinel_tiles/assam/Tile_91.9487_26.6361.tif
Tile Tile_91.9487_26.6361 is invalid, re-downloading...
Downloaded Tile_91.9487_26.6361
Tile Tile_91.9487_26.6361 re-downloaded and is now valid.
Downloaded Tile_92.1487_25.7361
Tile Tile_92.1487_25.7361 is valid.
Downloaded Tile_92.2487_24.4361
Tile Tile_92.2487_24.4361 is valid.
Downloaded Tile_92.3487_26.5861
Tile Tile_92.3487_26.5861 is valid.
Downloaded Tile_92.3987_26.7861
Tile Tile_92.3987_26.7861 is valid.
Downloaded Tile_92.4487_26.4861
Tile Tile_92.4487_26.4861 is valid.
Downloaded Tile_92.5487_24.3361
Tile Tile_92.5487_24.3361 is valid.
Downloaded Tile_92.5987_24.3361
Tile Tile_92.5987_24.3361 is valid.
Downloaded Tile_92.6487_26.2861
Tile Tile_92.6487_26.2861 is valid.
Downloaded Tile_92.6987_26.7361
Tile Tile_92.6987_26.7361 is valid.
Downloaded Tile_92.7987_25.1361
Tile Tile_92.7987_25.1361 is valid.
Downloaded Tile_92.8487_26.1861
Tile Tile_92.8487_26.1861 is valid.
Downloaded Tile_92.9487_25.4361
File is too small: /home/rishabh.mondal/Brick-Kilns-project/ijcai_2025_kilns/raw_data/setinel_tiles/assam/Tile_92.9487_25.4361.tif
Tile Tile_92.9487_25.4361 is invalid, re-downloading...
Downloaded Tile_92.9487_25.4361
Tile Tile_92.9487_25.4361 re-downloaded and is now valid.
Downloaded Tile_93.0487_24.9861
Tile Tile_93.0487_24.9861 is valid.
Downloaded Tile_93.0987_25.3861
Tile Tile_93.0987_25.3861 is valid.
Downloaded Tile_93.1987_26.6361
Tile Tile_93.1987_26.6361 is valid.
Downloaded Tile_93.2987_25.8361
Tile Tile_93.2987_25.8361 is valid.
Downloaded Tile_93.3987_25.8361
Tile Tile_93.3987_25.8361 is valid.
Downloaded Tile_93.4987_26.9361
Tile Tile_93.4987_26.9361 is valid.
Downloaded Tile_93.6487_26.0861
Tile Tile_93.6487_26.0861 is valid.
Downloaded Tile_93.7987_26.0861
Tile Tile_93.7987_26.0861 is valid.
Downloaded Tile_93.9987_26.2361
Tile Tile_93.9987_26.2361 is valid.
Downloaded Tile_94.1987_27.2861
Tile Tile_94.1987_27.2861 is valid.
Downloaded Tile_94.4487_26.7361
Tile Tile_94.4487_26.7361 is valid.
Downloaded Tile_94.6487_27.0361
Tile Tile_94.6487_27.0361 is valid.
Downloaded Tile_94.8987_27.4361
Tile Tile_94.8987_27.4361 is valid.
Downloaded Tile_95.1487_27.4361
Tile Tile_95.1487_27.4361 is valid.
Downloaded Tile_95.3987_27.1861
Tile Tile_95.3987_27.1861 is valid.
Downloaded Tile_95.5987_27.1861
Tile Tile_95.5987_27.1861 is valid.
Downloaded Tile_95.7987_27.2861
Tile Tile_95.7987_27.2861 is valid.
Downloaded Tile_90.4487_26.3361
Tile Tile_90.4487_26.3361 is valid.
Downloaded Tile_90.7987_26.0861
Tile Tile_90.7987_26.0861 is valid.
Downloaded Tile_90.9987_25.7861
Tile Tile_90.9987_25.7861 is valid.
Downloaded Tile_91.0987_26.6861
Tile Tile_91.0987_26.6861 is valid.
Downloaded Tile_91.3487_26.4361
Tile Tile_91.3487_26.4361 is valid.
Downloaded Tile_91.4987_26.3361
Tile Tile_91.4987_26.3361 is valid.
Downloaded Tile_91.6987_26.2861
Tile Tile_91.6987_26.2861 is valid.
Downloaded Tile_91.8487_26.6861
Tile Tile_91.8487_26.6861 is valid.
Downloaded Tile_91.9987_26.3861
Tile Tile_91.9987_26.3861 is valid.
Downloaded Tile_92.1487_26.7861
Tile Tile_92.1487_26.7861 is valid.
Downloaded Tile_92.2987_24.4361
Tile Tile_92.2987_24.4361 is valid.
Downloaded Tile_92.3987_25.6861
Tile Tile_92.3987_25.6861 is valid.
Downloaded Tile_92.4487_24.9861
Tile Tile_92.4487_24.9861 is valid.
Downloaded Tile_92.4987_24.9361
Tile Tile_92.4987_24.9361 is valid.
Downloaded Tile_92.5487_25.8361
Tile Tile_92.5487_25.8361 is valid.
Downloaded Tile_92.5987_26.9361
Tile Tile_92.5987_26.9361 is valid.
Downloaded Tile_92.6987_25.0861
Tile Tile_92.6987_25.0861 is valid.
Downloaded Tile_92.7487_26.2861
Tile Tile_92.7487_26.2861 is valid.
Downloaded Tile_92.8487_24.5861
Tile Tile_92.8487_24.5861 is valid.
Downloaded Tile_92.8987_26.9361
Tile Tile_92.8987_26.9361 is valid.
Downloaded Tile_92.9987_25.5361
Tile Tile_92.9987_25.5361 is valid.
Downloaded Tile_93.0987_24.7361
Tile Tile_93.0987_24.7361 is valid.
Downloaded Tile_93.1487_25.1361
Tile Tile_93.1487_25.1361 is valid.
Downloaded Tile_93.2487_25.3861
File is too small: /home/rishabh.mondal/Brick-Kilns-project/ijcai_2025_kilns/raw_data/setinel_tiles/assam/Tile_93.2487_25.3861.tif
Tile Tile_93.2487_25.3861 is invalid, re-downloading...
Downloaded Tile_93.2487_25.3861
Tile Tile_93.2487_25.3861 re-downloaded and is now valid.
Downloaded Tile_93.3487_26.3861
Tile Tile_93.3487_26.3861 is valid.
Downloaded Tile_93.4987_26.7361
Tile Tile_93.4987_26.7361 is valid.
Downloaded Tile_93.5987_26.9361
File is too small: /home/rishabh.mondal/Brick-Kilns-project/ijcai_2025_kilns/raw_data/setinel_tiles/assam/Tile_93.5987_26.9361.tif
Tile Tile_93.5987_26.9361 is invalid, re-downloading...
Downloaded Tile_93.5987_26.9361
Tile Tile_93.5987_26.9361 re-downloaded and is now valid.
Downloaded Tile_93.8487_26.3361
Tile Tile_93.8487_26.3361 is valid.
Downloaded Tile_94.0487_26.2861
Tile Tile_94.0487_26.2861 is valid.
Downloaded Tile_94.2987_26.6361
Tile Tile_94.2987_26.6361 is valid.
Downloaded Tile_94.4987_26.6361
Tile Tile_94.4987_26.6361 is valid.
Downloaded Tile_94.6987_27.2361
Tile Tile_94.6987_27.2361 is valid.
Downloaded Tile_94.8987_27.4861
Tile Tile_94.8987_27.4861 is valid.
Downloaded Tile_95.1987_27.3861
Tile Tile_95.1987_27.3861 is valid.
Downloaded Tile_95.4487_27.5861
Tile Tile_95.4487_27.5861 is valid.
Downloaded Tile_95.5487_27.9361
Tile Tile_95.5487_27.9361 is valid.
Downloaded Tile_95.8487_27.3361
Tile Tile_95.8487_27.3361 is valid.
Downloaded Tile_90.5987_25.9861
Tile Tile_90.5987_25.9861 is valid.
Downloaded Tile_90.6987_26.4361
Tile Tile_90.6987_26.4361 is valid.
Downloaded Tile_90.9987_26.7361
Tile Tile_90.9987_26.7361 is valid.
Downloaded Tile_91.0987_26.2861
Tile Tile_91.0987_26.2861 is valid.
Downloaded Tile_91.2987_25.8861
Tile Tile_91.2987_25.8861 is valid.
Downloaded Tile_91.4487_26.7361
Tile Tile_91.4487_26.7361 is valid.
Downloaded Tile_91.5987_26.4861
Tile Tile_91.5987_26.4861 is valid.
Downloaded Tile_91.7487_26.6861
Tile Tile_91.7487_26.6861 is valid.
Downloaded Tile_91.8487_26.8861
File is too small: /home/rishabh.mondal/Brick-Kilns-project/ijcai_2025_kilns/raw_data/setinel_tiles/assam/Tile_91.8487_26.8861.tif
Tile Tile_91.8487_26.8861 is invalid, re-downloading...
Downloaded Tile_91.8487_26.8861
Tile Tile_91.8487_26.8861 re-downloaded and is now valid.
Downloaded Tile_92.0487_26.5861
Tile Tile_92.0487_26.5861 is valid.
Downloaded Tile_92.1987_26.0861
Tile Tile_92.1987_26.0861 is valid.
Downloaded Tile_92.2987_26.1361
Tile Tile_92.2987_26.1361 is valid.
Downloaded Tile_92.3987_26.2861
Tile Tile_92.3987_26.2861 is valid.
Downloaded Tile_92.4487_25.8861
Tile Tile_92.4487_25.8861 is valid.
Downloaded Tile_92.4987_25.0361
Tile Tile_92.4987_25.0361 is valid.
Downloaded Tile_92.5487_25.6861
Tile Tile_92.5487_25.6861 is valid.
Downloaded Tile_92.5987_26.4861
Tile Tile_92.5987_26.4861 is valid.
Downloaded Tile_92.6987_24.9361
Tile Tile_92.6987_24.9361 is valid.
Downloaded Tile_92.7487_26.2361
Tile Tile_92.7487_26.2361 is valid.
Downloaded Tile_92.7987_26.8861
Tile Tile_92.7987_26.8861 is valid.
Downloaded Tile_92.8987_26.2861
File is too small: /home/rishabh.mondal/Brick-Kilns-project/ijcai_2025_kilns/raw_data/setinel_tiles/assam/Tile_92.8987_26.2861.tif
Tile Tile_92.8987_26.2861 is invalid, re-downloading...
Downloaded Tile_92.8987_26.2861
Tile Tile_92.8987_26.2861 re-downloaded and is now valid.
Downloaded Tile_92.9987_25.0361
Tile Tile_92.9987_25.0361 is valid.
Downloaded Tile_93.0487_25.1861
Tile Tile_93.0487_25.1861 is valid.
Downloaded Tile_93.0987_26.4361
File is too small: /home/rishabh.mondal/Brick-Kilns-project/ijcai_2025_kilns/raw_data/setinel_tiles/assam/Tile_93.0987_26.4361.tif
Tile Tile_93.0987_26.4361 is invalid, re-downloading...
Downloaded Tile_93.0987_26.4361
Tile Tile_93.0987_26.4361 re-downloaded and is now valid.
Downloaded Tile_93.1987_26.9361
Tile Tile_93.1987_26.9361 is valid.
Downloaded Tile_93.2987_26.5861
Tile Tile_93.2987_26.5861 is valid.
Downloaded Tile_93.4487_25.6861
Tile Tile_93.4487_25.6861 is valid.
Downloaded Tile_93.5487_26.7861
Tile Tile_93.5487_26.7861 is valid.
Downloaded Tile_93.6987_26.3361
Tile Tile_93.6987_26.3361 is valid.
Downloaded Tile_93.7987_26.1361
Tile Tile_93.7987_26.1361 is valid.
Downloaded Tile_93.9487_26.9861
Tile Tile_93.9487_26.9861 is valid.
Downloaded Tile_94.1987_26.5361
Tile Tile_94.1987_26.5361 is valid.
Downloaded Tile_94.3487_27.5361
Tile Tile_94.3487_27.5361 is valid.
Downloaded Tile_94.5987_27.3361
Tile Tile_94.5987_27.3361 is valid.
Downloaded Tile_94.7987_27.6861
Tile Tile_94.7987_27.6861 is valid.
Downloaded Tile_95.0987_27.5861
Tile Tile_95.0987_27.5861 is valid.
Downloaded Tile_95.3487_27.8361
Tile Tile_95.3487_27.8361 is valid.
Downloaded Tile_95.5487_27.3861
Tile Tile_95.5487_27.3861 is valid.
Downloaded Tile_95.7487_27.9361
Tile Tile_95.7487_27.9361 is valid.
Downloaded Tile_90.5487_26.0361
Tile Tile_90.5487_26.0361 is valid.
Downloaded Tile_90.8487_26.0361
Tile Tile_90.8487_26.0361 is valid.
Downloaded Tile_91.0487_25.8361
Tile Tile_91.0487_25.8361 is valid.
Downloaded Tile_91.2487_26.4361
Tile Tile_91.2487_26.4361 is valid.
Downloaded Tile_91.3487_26.7361
Tile Tile_91.3487_26.7361 is valid.
Downloaded Tile_91.5987_26.4361
Tile Tile_91.5987_26.4361 is valid.
Downloaded Tile_91.7987_26.6861
Tile Tile_91.7987_26.6861 is valid.
Downloaded Tile_91.8987_26.8361
Tile Tile_91.8987_26.8361 is valid.
Downloaded Tile_92.0987_26.8861
Tile Tile_92.0987_26.8861 is valid.
Downloaded Tile_92.1987_26.8861
Tile Tile_92.1987_26.8861 is valid.
Downloaded Tile_92.3987_24.6361
Tile Tile_92.3987_24.6361 is valid.
Downloaded Tile_92.4487_25.0361
Tile Tile_92.4487_25.0361 is valid.
Downloaded Tile_92.4987_25.7361
Tile Tile_92.4987_25.7361 is valid.
Downloaded Tile_92.5487_26.8361
Tile Tile_92.5487_26.8361 is valid.
Downloaded Tile_92.6487_24.5861
Tile Tile_92.6487_24.5861 is valid.
Downloaded Tile_92.6987_25.7361
Tile Tile_92.6987_25.7361 is valid.
Downloaded Tile_92.7987_25.0361
Tile Tile_92.7987_25.0361 is valid.
Downloaded Tile_92.8487_26.8361
Tile Tile_92.8487_26.8361 is valid.
Downloaded Tile_92.9487_25.2361
Tile Tile_92.9487_25.2361 is valid.
Downloaded Tile_93.0487_24.7361
Tile Tile_93.0487_24.7361 is valid.
Downloaded Tile_93.0987_24.8861
Tile Tile_93.0987_24.8861 is valid.
Downloaded Tile_93.1487_25.5361
Tile Tile_93.1487_25.5361 is valid.
Downloaded Tile_93.2487_25.4361
Tile Tile_93.2487_25.4361 is valid.
Downloaded Tile_93.3487_25.4861
File is too small: /home/rishabh.mondal/Brick-Kilns-project/ijcai_2025_kilns/raw_data/setinel_tiles/assam/Tile_93.3487_25.4861.tif
Tile Tile_93.3487_25.4861 is invalid, re-downloading...
Downloaded Tile_93.3487_25.4861
File is too small: /home/rishabh.mondal/Brick-Kilns-project/ijcai_2025_kilns/raw_data/setinel_tiles/assam/Tile_93.3487_25.4861.tif
Tile Tile_93.3487_25.4861 is still invalid after re-downloading.
Downloaded Tile_93.3987_25.6361
Tile Tile_93.3987_25.6361 is valid.
Downloaded Tile_93.5487_25.9361
Tile Tile_93.5487_25.9361 is valid.
Downloaded Tile_93.5987_26.3361
Tile Tile_93.5987_26.3361 is valid.
Downloaded Tile_93.7487_26.7361
Tile Tile_93.7487_26.7361 is valid.
Downloaded Tile_93.8987_26.3361
Tile Tile_93.8987_26.3361 is valid.
Downloaded Tile_94.0987_26.8361
Tile Tile_94.0987_26.8361 is valid.
Downloaded Tile_94.2987_27.0861
Tile Tile_94.2987_27.0861 is valid.
Downloaded Tile_94.5987_26.8861
Tile Tile_94.5987_26.8861 is valid.
Downloaded Tile_94.7487_27.6361
Tile Tile_94.7487_27.6361 is valid.
Downloaded Tile_94.9987_27.1361
Tile Tile_94.9987_27.1361 is valid.
Downloaded Tile_95.2487_27.3361
Tile Tile_95.2487_27.3361 is valid.
Downloaded Tile_95.4987_27.3361
Tile Tile_95.4987_27.3361 is valid.
Downloaded Tile_95.5987_27.2361
Tile Tile_95.5987_27.2361 is valid.
Downloaded Tile_95.8487_27.3861
Tile Tile_95.8487_27.3861 is valid.
Downloaded Tile_90.5487_26.3361
Tile Tile_90.5487_26.3361 is valid.
Downloaded Tile_90.6487_26.0361
Tile Tile_90.6487_26.0361 is valid.
Downloaded Tile_90.9487_26.6861
Tile Tile_90.9487_26.6861 is valid.
Downloaded Tile_91.0987_25.9361
Tile Tile_91.0987_25.9361 is valid.
Downloaded Tile_91.3487_26.5861
File is too small: /home/rishabh.mondal/Brick-Kilns-project/ijcai_2025_kilns/raw_data/setinel_tiles/assam/Tile_91.3487_26.5861.tif
Tile Tile_91.3487_26.5861 is invalid, re-downloading...
Downloaded Tile_91.3487_26.5861
Tile Tile_91.3487_26.5861 re-downloaded and is now valid.
Downloaded Tile_91.5987_26.1861
Tile Tile_91.5987_26.1861 is valid.
Downloaded Tile_91.7987_26.8361
Tile Tile_91.7987_26.8361 is valid.
Downloaded Tile_91.8987_26.5361
Tile Tile_91.8987_26.5361 is valid.
Downloaded Tile_92.0487_26.5361
Tile Tile_92.0487_26.5361 is valid.
Downloaded Tile_92.1487_26.1361
Tile Tile_92.1487_26.1361 is valid.
Downloaded Tile_92.2987_24.3861
Tile Tile_92.2987_24.3861 is valid.
Downloaded Tile_92.3987_26.6361
File is too small: /home/rishabh.mondal/Brick-Kilns-project/ijcai_2025_kilns/raw_data/setinel_tiles/assam/Tile_92.3987_26.6361.tif
Tile Tile_92.3987_26.6361 is invalid, re-downloading...
Downloaded Tile_92.3987_26.6361
Tile Tile_92.3987_26.6361 re-downloaded and is now valid.
Downloaded Tile_92.4487_26.6861
Tile Tile_92.4487_26.6861 is valid.
Downloaded Tile_92.5487_24.5361
Tile Tile_92.5487_24.5361 is valid.
Downloaded Tile_92.5987_25.0361
Tile Tile_92.5987_25.0361 is valid.
Downloaded Tile_92.6487_26.8361
Tile Tile_92.6487_26.8361 is valid.
Downloaded Tile_92.6987_26.8861
Tile Tile_92.6987_26.8861 is valid.
Downloaded Tile_92.7987_26.0361
Tile Tile_92.7987_26.0361 is valid.
Downloaded Tile_92.8987_25.8861
Tile Tile_92.8987_25.8861 is valid.
Downloaded Tile_92.9487_26.0361
File is too small: /home/rishabh.mondal/Brick-Kilns-project/ijcai_2025_kilns/raw_data/setinel_tiles/assam/Tile_92.9487_26.0361.tif
Tile Tile_92.9487_26.0361 is invalid, re-downloading...
Downloaded Tile_92.9487_26.0361
Tile Tile_92.9487_26.0361 re-downloaded and is now valid.
Downloaded Tile_93.0487_25.1361
Tile Tile_93.0487_25.1361 is valid.
Downloaded Tile_93.0987_25.8361
Tile Tile_93.0987_25.8361 is valid.
Downloaded Tile_93.1487_25.6861
Tile Tile_93.1487_25.6861 is valid.
Downloaded Tile_93.2487_26.3861
Tile Tile_93.2487_26.3861 is valid.
Downloaded Tile_93.3487_26.0361
Tile Tile_93.3487_26.0361 is valid.
Downloaded Tile_93.4987_26.5861
Tile Tile_93.4987_26.5861 is valid.
Downloaded Tile_93.6487_26.1861
Tile Tile_93.6487_26.1861 is valid.
Downloaded Tile_93.8487_26.0861
Tile Tile_93.8487_26.0861 is valid.
Downloaded Tile_94.0487_26.6861
Tile Tile_94.0487_26.6861 is valid.
Downloaded Tile_94.2487_27.0361
Tile Tile_94.2487_27.0361 is valid.
Downloaded Tile_94.5487_26.7861
Tile Tile_94.5487_26.7861 is valid.
Downloaded Tile_94.7487_27.0361
Tile Tile_94.7487_27.0361 is valid.
Downloaded Tile_95.0487_27.2361
Tile Tile_95.0487_27.2361 is valid.
Downloaded Tile_95.2987_27.3361
Tile Tile_95.2987_27.3361 is valid.
Downloaded Tile_95.4987_27.2861
Tile Tile_95.4987_27.2861 is valid.
Downloaded Tile_95.5987_27.6861
Tile Tile_95.5987_27.6861 is valid.
Downloaded Tile_95.8987_27.2361
Tile Tile_95.8987_27.2361 is valid.
Downloaded Tile_90.4987_26.4361
Tile Tile_90.4987_26.4361 is valid.
Downloaded Tile_90.5987_26.5361
Tile Tile_90.5987_26.5361 is valid.
Downloaded Tile_90.8487_26.1861
Tile Tile_90.8487_26.1861 is valid.
Downloaded Tile_91.0487_26.5861
Tile Tile_91.0487_26.5861 is valid.
Downloaded Tile_91.2987_25.9861
Tile Tile_91.2987_25.9861 is valid.
Downloaded Tile_91.3987_26.5861
File is too small: /home/rishabh.mondal/Brick-Kilns-project/ijcai_2025_kilns/raw_data/setinel_tiles/assam/Tile_91.3987_26.5861.tif
Tile Tile_91.3987_26.5861 is invalid, re-downloading...
Downloaded Tile_91.3987_26.5861
Tile Tile_91.3987_26.5861 re-downloaded and is now valid.
Downloaded Tile_91.6487_26.2861
Tile Tile_91.6487_26.2861 is valid.
Downloaded Tile_91.8487_26.3361
Tile Tile_91.8487_26.3361 is valid.
Downloaded Tile_91.9487_26.0861
Tile Tile_91.9487_26.0861 is valid.
Downloaded Tile_92.0987_26.8361
Tile Tile_92.0987_26.8361 is valid.
Downloaded Tile_92.1987_26.0361
Tile Tile_92.1987_26.0361 is valid.
Downloaded Tile_92.3487_26.2861
Tile Tile_92.3487_26.2861 is valid.
Downloaded Tile_92.3987_26.8861
Tile Tile_92.3987_26.8861 is valid.
Downloaded Tile_92.4487_26.7861
Tile Tile_92.4487_26.7861 is valid.
Downloaded Tile_92.5487_25.4861
Tile Tile_92.5487_25.4861 is valid.
Downloaded Tile_92.5987_25.5861
Tile Tile_92.5987_25.5861 is valid.
Downloaded Tile_92.6487_26.5861
File is too small: /home/rishabh.mondal/Brick-Kilns-project/ijcai_2025_kilns/raw_data/setinel_tiles/assam/Tile_92.6487_26.5861.tif
Tile Tile_92.6487_26.5861 is invalid, re-downloading...
Downloaded Tile_92.6487_26.5861
Tile Tile_92.6487_26.5861 re-downloaded and is now valid.
Downloaded Tile_92.7487_24.6361
Tile Tile_92.7487_24.6361 is valid.
Downloaded Tile_92.7987_25.5861
Tile Tile_92.7987_25.5861 is valid.
Downloaded Tile_92.8487_26.7861
Tile Tile_92.8487_26.7861 is valid.
Downloaded Tile_92.9487_25.1861
Tile Tile_92.9487_25.1861 is valid.
Downloaded Tile_93.0487_24.6361
Tile Tile_93.0487_24.6361 is valid.
Downloaded Tile_93.0987_24.9361
File is too small: /home/rishabh.mondal/Brick-Kilns-project/ijcai_2025_kilns/raw_data/setinel_tiles/assam/Tile_93.0987_24.9361.tif
Tile Tile_93.0987_24.9361 is invalid, re-downloading...
Downloaded Tile_93.0987_24.9361
Tile Tile_93.0987_24.9361 re-downloaded and is now valid.
Downloaded Tile_93.1987_26.2361
Tile Tile_93.1987_26.2361 is valid.
Downloaded Tile_93.2987_26.1361
Tile Tile_93.2987_26.1361 is valid.
Downloaded Tile_93.4987_25.7861
Tile Tile_93.4987_25.7861 is valid.
Downloaded Tile_93.5987_26.0361
Tile Tile_93.5987_26.0361 is valid.
Downloaded Tile_93.6987_26.8361
Tile Tile_93.6987_26.8361 is valid.
Downloaded Tile_93.8987_26.1361
Tile Tile_93.8987_26.1361 is valid.
Downloaded Tile_94.0987_26.5861
Tile Tile_94.0987_26.5861 is valid.
Downloaded Tile_94.2987_26.7861
Tile Tile_94.2987_26.7861 is valid.
Downloaded Tile_94.4987_27.0861
Tile Tile_94.4987_27.0861 is valid.
Downloaded Tile_94.6987_27.2861
Tile Tile_94.6987_27.2861 is valid.
Downloaded Tile_94.9987_27.4861
Tile Tile_94.9987_27.4861 is valid.
Downloaded Tile_95.1987_27.6861
Tile Tile_95.1987_27.6861 is valid.
Downloaded Tile_95.4487_27.7361
Tile Tile_95.4487_27.7361 is valid.
Downloaded Tile_95.5487_27.8861
Tile Tile_95.5487_27.8861 is valid.
Downloaded Tile_95.7987_27.5861
Tile Tile_95.7987_27.5861 is valid.
Downloaded Tile_90.4487_26.4361
Tile Tile_90.4487_26.4361 is valid.
Downloaded Tile_90.6987_26.5361
Tile Tile_90.6987_26.5361 is valid.
Downloaded Tile_90.8487_26.6861
Tile Tile_90.8487_26.6861 is valid.
Downloaded Tile_91.0487_26.7361
Tile Tile_91.0487_26.7361 is valid.
Downloaded Tile_91.2987_26.0861
Tile Tile_91.2987_26.0861 is valid.
Downloaded Tile_91.4987_26.0861
File is too small: /home/rishabh.mondal/Brick-Kilns-project/ijcai_2025_kilns/raw_data/setinel_tiles/assam/Tile_91.4987_26.0861.tif
Tile Tile_91.4987_26.0861 is invalid, re-downloading...
Downloaded Tile_91.4987_26.0861
Tile Tile_91.4987_26.0861 re-downloaded and is now valid.
Downloaded Tile_91.7487_26.2361
File is too small: /home/rishabh.mondal/Brick-Kilns-project/ijcai_2025_kilns/raw_data/setinel_tiles/assam/Tile_91.7487_26.2361.tif
Tile Tile_91.7487_26.2361 is invalid, re-downloading...
Downloaded Tile_91.7487_26.2361
Tile Tile_91.7487_26.2361 re-downloaded and is now valid.
Downloaded Tile_91.8987_26.7861
Tile Tile_91.8987_26.7861 is valid.
Downloaded Tile_92.0987_25.6861
Tile Tile_92.0987_25.6861 is valid.
Downloaded Tile_92.1987_26.7361
Tile Tile_92.1987_26.7361 is valid.
Downloaded Tile_92.2987_26.6361
Tile Tile_92.2987_26.6361 is valid.
Downloaded Tile_92.3987_26.4361
Tile Tile_92.3987_26.4361 is valid.
Downloaded Tile_92.4487_25.6861
Tile Tile_92.4487_25.6861 is valid.
Downloaded Tile_92.4987_26.2861
Tile Tile_92.4987_26.2861 is valid.
Downloaded Tile_92.5987_24.7361
Tile Tile_92.5987_24.7361 is valid.
Downloaded Tile_92.6487_25.7361
Tile Tile_92.6487_25.7361 is valid.
Downloaded Tile_92.6987_26.1861
Tile Tile_92.6987_26.1861 is valid.
Downloaded Tile_92.7987_26.2861
Tile Tile_92.7987_26.2861 is valid.
Downloaded Tile_92.8987_24.4861
Tile Tile_92.8987_24.4861 is valid.
Downloaded Tile_92.9487_24.9861
Tile Tile_92.9487_24.9861 is valid.
Downloaded Tile_92.9987_26.8861
Tile Tile_92.9987_26.8861 is valid.
Downloaded Tile_93.0987_26.1861
Tile Tile_93.0987_26.1861 is valid.
Downloaded Tile_93.1987_25.7861
Tile Tile_93.1987_25.7861 is valid.
Downloaded Tile_93.2987_25.5861
Tile Tile_93.2987_25.5861 is valid.
Downloaded Tile_93.4987_25.7361
Tile Tile_93.4987_25.7361 is valid.
Downloaded Tile_93.5487_26.8861
Tile Tile_93.5487_26.8861 is valid.
Downloaded Tile_93.6987_26.4361
Tile Tile_93.6987_26.4361 is valid.
Downloaded Tile_93.7987_26.1861
Tile Tile_93.7987_26.1861 is valid.
Downloaded Tile_94.0487_26.5361
Tile Tile_94.0487_26.5361 is valid.
Downloaded Tile_94.2487_26.4361
Tile Tile_94.2487_26.4361 is valid.
Downloaded Tile_94.4487_26.9361
Tile Tile_94.4487_26.9361 is valid.
Downloaded Tile_94.6987_27.1361
Tile Tile_94.6987_27.1361 is valid.
Downloaded Tile_94.9487_27.0361
Tile Tile_94.9487_27.0361 is valid.
Downloaded Tile_95.2487_27.0861
Tile Tile_95.2487_27.0861 is valid.
Downloaded Tile_95.4987_27.3861
Tile Tile_95.4987_27.3861 is valid.
Downloaded Tile_95.6487_27.2861
Tile Tile_95.6487_27.2861 is valid.
Downloaded Tile_95.9987_27.3361
Tile Tile_95.9987_27.3361 is valid.
Downloaded Tile_90.4487_26.6361
Tile Tile_90.4487_26.6361 is valid.
Downloaded Tile_90.7987_26.4361
Tile Tile_90.7987_26.4361 is valid.
Downloaded Tile_90.9987_26.6361
Tile Tile_90.9987_26.6361 is valid.
Downloaded Tile_91.0987_26.3361
Tile Tile_91.0987_26.3361 is valid.
Downloaded Tile_91.2987_25.7861
Tile Tile_91.2987_25.7861 is valid.
Downloaded Tile_91.4487_26.0861
Tile Tile_91.4487_26.0861 is valid.
Downloaded Tile_91.6487_26.5361
Tile Tile_91.6487_26.5361 is valid.
Downloaded Tile_91.8487_26.5361
Tile Tile_91.8487_26.5361 is valid.
Downloaded Tile_91.9987_26.5361
Tile Tile_91.9987_26.5361 is valid.
Downloaded Tile_92.1987_24.2361
Tile Tile_92.1987_24.2361 is valid.
Downloaded Tile_92.3487_25.7861
Tile Tile_92.3487_25.7861 is valid.
Downloaded Tile_92.4487_24.4361
Tile Tile_92.4487_24.4361 is valid.
Downloaded Tile_92.4487_26.8361
Tile Tile_92.4487_26.8361 is valid.
Downloaded Tile_92.5487_24.7861
Tile Tile_92.5487_24.7861 is valid.
Downloaded Tile_92.5987_25.0861
Tile Tile_92.5987_25.0861 is valid.
Downloaded Tile_92.6487_26.9861
Tile Tile_92.6487_26.9861 is valid.
Downloaded Tile_92.7487_24.6861
Tile Tile_92.7487_24.6861 is valid.
Downloaded Tile_92.7987_26.7361
Tile Tile_92.7987_26.7361 is valid.
Downloaded Tile_92.8987_25.7361
Tile Tile_92.8987_25.7361 is valid.
Downloaded Tile_92.9487_26.2361
File is too small: /home/rishabh.mondal/Brick-Kilns-project/ijcai_2025_kilns/raw_data/setinel_tiles/assam/Tile_92.9487_26.2361.tif
Tile Tile_92.9487_26.2361 is invalid, re-downloading...
Downloaded Tile_92.9487_26.2361
Tile Tile_92.9487_26.2361 re-downloaded and is now valid.
Downloaded Tile_93.0487_25.9361
Tile Tile_93.0487_25.9361 is valid.
Downloaded Tile_93.1487_24.8861
Tile Tile_93.1487_24.8861 is valid.
Downloaded Tile_93.2487_24.9861
Tile Tile_93.2487_24.9861 is valid.
Downloaded Tile_93.3487_26.8861
Tile Tile_93.3487_26.8861 is valid.
Downloaded Tile_93.4987_26.6361
Tile Tile_93.4987_26.6361 is valid.
Downloaded Tile_93.5987_26.2861
File is too small: /home/rishabh.mondal/Brick-Kilns-project/ijcai_2025_kilns/raw_data/setinel_tiles/assam/Tile_93.5987_26.2861.tif
Tile Tile_93.5987_26.2861 is invalid, re-downloading...
Downloaded Tile_93.5987_26.2861
Tile Tile_93.5987_26.2861 re-downloaded and is now valid.
Downloaded Tile_93.8487_27.0861
Tile Tile_93.8487_27.0861 is valid.
Downloaded Tile_94.0987_26.4361
Tile Tile_94.0987_26.4361 is valid.
Downloaded Tile_94.2987_26.8361
Tile Tile_94.2987_26.8361 is valid.
Downloaded Tile_94.5487_26.8861
Tile Tile_94.5487_26.8861 is valid.
Downloaded Tile_94.7487_27.4361
Tile Tile_94.7487_27.4361 is valid.
Downloaded Tile_95.0487_27.1361
Tile Tile_95.0487_27.1361 is valid.
Downloaded Tile_95.2487_27.7861
Tile Tile_95.2487_27.7861 is valid.
Downloaded Tile_95.4987_27.2361
Tile Tile_95.4987_27.2361 is valid.
Downloaded Tile_95.5987_27.6361
Tile Tile_95.5987_27.6361 is valid.
Downloaded Tile_95.8487_27.7861
Tile Tile_95.8487_27.7861 is valid.
